#
# A fatal error has been detected by the Java Runtime Environment:
#
#  EXCEPTION_ACCESS_VIOLATION (0xc0000005) at pc=0x00007ff9d8d52b60, pid=44240, tid=45472
#
# JRE version: OpenJDK Runtime Environment Temurin-17.0.5+8 (17.0.5+8) (build 17.0.5+8)
# Java VM: OpenJDK 64-Bit Server VM Temurin-17.0.5+8 (17.0.5+8, mixed mode, sharing, tiered, compressed oops, compressed class ptrs, g1 gc, windows-amd64)
# Problematic frame:
# C  [atio6axx.dll+0x192b60]
#
# No core dump will be written. Minidumps are not enabled by default on client versions of Windows
#
# If you would like to submit a bug report, please visit:
#   https://github.com/adoptium/adoptium-support/issues
# The crash happened outside the Java Virtual Machine in native code.
# See problematic frame for where to report the bug.
#

---------------  S U M M A R Y ------------

Command Line: -Dforge.enableGameTest=true -Dforge.logging.console.level=debug -Dforge.logging.markers=REGISTRIES -DignoreList=bootstraplauncher,securejarhandler,asm-commons,asm-util,asm-analysis,asm-tree,asm,JarJarFileSystems,client-extra,fmlcore,javafmllanguage,lowcodelanguage,mclanguage,forge- -Djava.net.preferIPv6Addresses=system -DlegacyClassPath.file=C:\Users\Alex\MCreatorWorkspaces\frostcore\build\classpath\runClient_minecraftClasspath.txt -DmergeModules=jna-5.10.0.jar,jna-platform-5.10.0.jar -Dos.version=10.0 --module-path=C:\Users\Alex\.mcreator\gradle\caches\modules-2\files-2.1\cpw.mods\bootstraplauncher\1.1.2\c546e00443d8432cda6baa1c860346980742628\bootstraplauncher-1.1.2.jar;C:\Users\Alex\.mcreator\gradle\caches\modules-2\files-2.1\cpw.mods\securejarhandler\2.1.4\f47e3b9dd860a7b82154b8f90a650ffd0aaa5582\securejarhandler-2.1.4.jar;C:\Users\Alex\.mcreator\gradle\caches\modules-2\files-2.1\org.ow2.asm\asm-commons\9.3\1f2a432d1212f5c352ae607d7b61dcae20c20af5\asm-commons-9.3.jar;C:\Users\Alex\.mcreator\gradle\caches\modules-2\files-2.1\org.ow2.asm\asm-util\9.3\9595bc05510d0bd4b610188b77333fe4851a1975\asm-util-9.3.jar;C:\Users\Alex\.mcreator\gradle\caches\modules-2\files-2.1\org.ow2.asm\asm-analysis\9.3\4b071f211b37c38e0e9f5998550197c8593f6ad8\asm-analysis-9.3.jar;C:\Users\Alex\.mcreator\gradle\caches\modules-2\files-2.1\org.ow2.asm\asm-tree\9.3\78d2ecd61318b5a58cd04fb237636c0e86b77d97\asm-tree-9.3.jar;C:\Users\Alex\.mcreator\gradle\caches\modules-2\files-2.1\org.ow2.asm\asm\9.3\8e6300ef51c1d801a7ed62d07cd221aca3a90640\asm-9.3.jar;C:\Users\Alex\.mcreator\gradle\caches\modules-2\files-2.1\net.minecraftforge\JarJarFileSystems\0.3.16\e52afbb2599dc7c6f779efea0496d32fc01152e3\JarJarFileSystems-0.3.16.jar --add-modules=ALL-MODULE-PATH --add-opens=java.base/java.util.jar=cpw.mods.securejarhandler --add-opens=java.base/java.lang.invoke=cpw.mods.securejarhandler --add-exports=java.base/sun.security.util=cpw.mods.securejarhandler --add-exports=jdk.naming.dns/com.sun.jndi.dns=java.naming -XX:HeapDumpPath=MojangTricksIntelDriversForPerformance_javaw.exe_minecraft.exe.heapdump -Dos.name=Windows 10 -Dfile.encoding=UTF-8 -Duser.country=US -Duser.language=en -Duser.variant cpw.mods.bootstraplauncher.BootstrapLauncher --launchTarget forgeclientuserdev --version MOD_DEV --assetIndex 1.19 --assetsDir C:\Users\Alex\.mcreator\gradle\caches\forge_gradle\assets --gameDir . --fml.forgeVersion 43.2.0 --fml.mcVersion 1.19.2 --fml.forgeGroup net.minecraftforge --fml.mcpVersion 20220805.130853

Host: 11th Gen Intel(R) Core(TM) i5-11600K @ 3.90GHz, 12 cores, 15G,  Windows 11 , 64 bit Build 22621 (10.0.22621.1635)
Time: Wed May 24 19:52:48 2023  Windows 11 , 64 bit Build 22621 (10.0.22621.1635) elapsed time: 7.886271 seconds (0d 0h 0m 7s)

---------------  T H R E A D  ---------------

Current thread (0x000001ea15b72800):  JavaThread "Render thread" [_thread_in_native, id=45472, stack(0x000000b54f700000,0x000000b54f800000)]

Stack: [0x000000b54f700000,0x000000b54f800000],  sp=0x000000b54f7fa658,  free space=1001k
Native frames: (J=compiled Java code, j=interpreted, Vv=VM code, C=native code)
C  [atio6axx.dll+0x192b60]

Java frames: (J=compiled Java code, j=interpreted, Vv=VM code)
j  org.lwjgl.system.JNI.invokePPPP(IIJJJJ)J+0 org.lwjgl@3.3.1+7
j  org.lwjgl.glfw.GLFW.nglfwCreateWindow(IIJJJ)J+14 org.lwjgl.glfw@3.3.1+7
j  org.lwjgl.glfw.GLFW.glfwCreateWindow(IILjava/lang/CharSequence;JJ)J+34 org.lwjgl.glfw@3.3.1+7
j  net.minecraftforge.client.loading.NoVizFallback.lambda$fallback$0(Ljava/util/function/IntSupplier;Ljava/util/function/IntSupplier;Ljava/util/function/Supplier;Ljava/util/function/LongSupplier;)J+28 forge@43.2.0
j  net.minecraftforge.client.loading.NoVizFallback$$Lambda$4381+0x000000080163ca80.getAsLong()J+16 forge@43.2.0
j  net.minecraftforge.fml.loading.progress.EarlyProgressVisualization$Visualization$$Lambda$4382+0x0000000801636528.apply(Ljava/lang/Object;)Ljava/lang/Object;+4 fmlloader@1.19.2-43.2.0
J 2663 c2 java.util.Optional.map(Ljava/util/function/Function;)Ljava/util/Optional; java.base@17.0.5 (30 bytes) @ 0x000001ea252d4f7c [0x000001ea252d4f20+0x000000000000005c]
j  net.minecraftforge.fml.loading.progress.EarlyProgressVisualization$Visualization.handOffWindow(Ljava/util/function/IntSupplier;Ljava/util/function/IntSupplier;Ljava/util/function/Supplier;Ljava/util/function/LongSupplier;)J+48 fmlloader@1.19.2-43.2.0
j  net.minecraftforge.fml.loading.progress.EarlyProgressVisualization.handOffWindow(Ljava/util/function/IntSupplier;Ljava/util/function/IntSupplier;Ljava/util/function/Supplier;Ljava/util/function/LongSupplier;)J+9 fmlloader@1.19.2-43.2.0
j  com.mojang.blaze3d.platform.Window.<init>(Lcom/mojang/blaze3d/platform/WindowEventHandler;Lcom/mojang/blaze3d/platform/ScreenManager;Lcom/mojang/blaze3d/platform/DisplayData;Ljava/lang/String;Ljava/lang/String;)V+279 minecraft@1.19.2
j  net.minecraft.client.renderer.VirtualScreen.newWindow(Lcom/mojang/blaze3d/platform/DisplayData;Ljava/lang/String;Ljava/lang/String;)Lcom/mojang/blaze3d/platform/Window;+15 minecraft@1.19.2
j  net.minecraft.client.Minecraft.<init>(Lnet/minecraft/client/main/GameConfig;)V+723 minecraft@1.19.2
j  net.minecraft.client.main.Main.run([Ljava/lang/String;Z)V+1356 minecraft@1.19.2
j  net.minecraft.client.main.Main.main([Ljava/lang/String;)V+12 minecraft@1.19.2
v  ~StubRoutines::call_stub
j  jdk.internal.reflect.NativeMethodAccessorImpl.invoke0(Ljava/lang/reflect/Method;Ljava/lang/Object;[Ljava/lang/Object;)Ljava/lang/Object;+0 java.base@17.0.5
j  jdk.internal.reflect.NativeMethodAccessorImpl.invoke(Ljava/lang/Object;[Ljava/lang/Object;)Ljava/lang/Object;+133 java.base@17.0.5
j  jdk.internal.reflect.DelegatingMethodAccessorImpl.invoke(Ljava/lang/Object;[Ljava/lang/Object;)Ljava/lang/Object;+6 java.base@17.0.5
j  java.lang.reflect.Method.invoke(Ljava/lang/Object;[Ljava/lang/Object;)Ljava/lang/Object;+59 java.base@17.0.5
j  net.minecraftforge.fml.loading.targets.ForgeClientUserdevLaunchHandler.lambda$launchService$0([Ljava/lang/String;Ljava/lang/ModuleLayer;)V+47 fmlloader@1.19.2-43.2.0
j  net.minecraftforge.fml.loading.targets.ForgeClientUserdevLaunchHandler$$Lambda$858+0x0000000800fbfb40.run()V+12 fmlloader@1.19.2-43.2.0
j  cpw.mods.modlauncher.LaunchServiceHandlerDecorator.launch([Ljava/lang/String;Ljava/lang/ModuleLayer;)V+11 cpw.mods.modlauncher@10.0.8
j  cpw.mods.modlauncher.LaunchServiceHandler.launch(Ljava/lang/String;[Ljava/lang/String;Ljava/lang/ModuleLayer;Lcpw/mods/modlauncher/TransformingClassLoader;Lcpw/mods/modlauncher/LaunchPluginHandler;)V+58 cpw.mods.modlauncher@10.0.8
j  cpw.mods.modlauncher.LaunchServiceHandler.launch(Lcpw/mods/modlauncher/ArgumentHandler;Ljava/lang/ModuleLayer;Lcpw/mods/modlauncher/TransformingClassLoader;Lcpw/mods/modlauncher/LaunchPluginHandler;)V+21 cpw.mods.modlauncher@10.0.8
j  cpw.mods.modlauncher.Launcher.run([Ljava/lang/String;)V+310 cpw.mods.modlauncher@10.0.8
j  cpw.mods.modlauncher.Launcher.main([Ljava/lang/String;)V+78 cpw.mods.modlauncher@10.0.8
j  cpw.mods.modlauncher.BootstrapLaunchConsumer.accept([Ljava/lang/String;)V+1 cpw.mods.modlauncher@10.0.8
j  cpw.mods.modlauncher.BootstrapLaunchConsumer.accept(Ljava/lang/Object;)V+5 cpw.mods.modlauncher@10.0.8
j  cpw.mods.bootstraplauncher.BootstrapLauncher.main([Ljava/lang/String;)V+515 cpw.mods.bootstraplauncher@1.1.2
v  ~StubRoutines::call_stub

siginfo: EXCEPTION_ACCESS_VIOLATION (0xc0000005), reading address 0xffffffffffffffff


Register to memory mapping:

RIP=0x00007ff9d8d52b60 atio6axx.dll
RAX=0x0 is NULL
RBX=0x00007ff9dc5933b0 atio6axx.dll
RCX=0x73736572706d6f63 is an unknown value
RDX=0x00000000000000d1 is an unknown value
RSP=0x000000b54f7fa658 is pointing into the stack for thread: 0x000001ea15b72800
RBP=0x000000b54f7fa7c0 is pointing into the stack for thread: 0x000001ea15b72800
RSI=0x00007ff9dc4a2d40 atio6axx.dll
RDI=0x000000b54f7faab0 is pointing into the stack for thread: 0x000001ea15b72800
R8 =0x00000000000001a5 is an unknown value
R9 =0x73736572706d6f63 is an unknown value
R10=0x0 is NULL
R11=0x0000000000000200 is an unknown value
R12=0x00007ff9dc593408 atio6axx.dll
R13=0x00007ff9dc595c08 atio6axx.dll
R14=0x00007ff9dc5933b0 atio6axx.dll
R15=0x0 is NULL


Registers:
RAX=0x0000000000000000, RBX=0x00007ff9dc5933b0, RCX=0x73736572706d6f63, RDX=0x00000000000000d1
RSP=0x000000b54f7fa658, RBP=0x000000b54f7fa7c0, RSI=0x00007ff9dc4a2d40, RDI=0x000000b54f7faab0
R8 =0x00000000000001a5, R9 =0x73736572706d6f63, R10=0x0000000000000000, R11=0x0000000000000200
R12=0x00007ff9dc593408, R13=0x00007ff9dc595c08, R14=0x00007ff9dc5933b0, R15=0x0000000000000000
RIP=0x00007ff9d8d52b60, EFLAGS=0x0000000000010206

Top of Stack: (sp=0x000000b54f7fa658)
0x000000b54f7fa658:   00007ff9d8d52e7c 00007ff9dc596020
0x000000b54f7fa668:   000001ea40265f78 0000000000000000
0x000000b54f7fa678:   00007ff9d8d53e8d 000000b54f7faab0
0x000000b54f7fa688:   00007ff9d8d0f484 00007ff9dc5933b0
0x000000b54f7fa698:   00007ff9dc4a2d40 0000652e6176616a
0x000000b54f7fa6a8:   00002196b04ffde3 000000b54f7faab0
0x000000b54f7fa6b8:   00007ff9d8d10457 00007ff9dc5933b8
0x000000b54f7fa6c8:   00007ff9dc4a2d40 00007ff9dc4a2d40
0x000000b54f7fa6d8:   0000000000000000 00007ff9dc5933b0
0x000000b54f7fa6e8:   00007ffa00000000 0000000000000009
0x000000b54f7fa6f8:   000001ea3fb4b2cc 000001ea3fb4b428
0x000000b54f7fa708:   00007ff9dc5933b8 000000b54f7faab0
0x000000b54f7fa718:   000000b54f7fa867 00007f006176616a
0x000000b54f7fa728:   00007f006176616a 46676e697274535c
0x000000b54f7fa738:   5c6f666e49656c69 3062343039303430
0x000000b54f7fa748:   726556656c69465c 000000006e6f6973 

Instructions: (pc=0x00007ff9d8d52b60)
0x00007ff9d8d52a60:   74 09 33 c9 ff 15 e6 89 66 03 90 48 8b c3 48 83
0x00007ff9d8d52a70:   c4 20 5b c3 cc cc cc cc cc cc cc cc cc cc cc cc
0x00007ff9d8d52a80:   48 83 ec 28 48 8b 51 08 48 85 d2 74 09 33 c9 ff
0x00007ff9d8d52a90:   15 bb 89 66 03 90 48 83 c4 28 c3 cc cc cc cc cc
0x00007ff9d8d52aa0:   48 89 11 c3 cc cc cc cc cc cc cc cc cc cc cc cc
0x00007ff9d8d52ab0:   48 8b c1 c3 cc cc cc cc cc cc cc cc cc cc cc cc
0x00007ff9d8d52ac0:   48 3b ca 74 10 41 8b 00 39 01 74 09 48 83 c1 04
0x00007ff9d8d52ad0:   48 3b ca 75 f3 48 8b c1 c3 cc cc cc cc cc cc cc
0x00007ff9d8d52ae0:   48 8b c1 c3 cc cc cc cc cc cc cc cc cc cc cc cc
0x00007ff9d8d52af0:   48 83 39 00 0f 94 c0 c3 cc cc cc cc cc cc cc cc
0x00007ff9d8d52b00:   4c 8d 04 d5 00 00 00 00 33 d2 e9 c1 d0 dd 01 cc
0x00007ff9d8d52b10:   4c 8b 41 08 48 8b 02 49 89 00 48 83 41 08 08 c3
0x00007ff9d8d52b20:   48 8b c1 c3 cc cc cc cc cc cc cc cc cc cc cc cc
0x00007ff9d8d52b30:   48 8b c1 c3 cc cc cc cc cc cc cc cc cc cc cc cc
0x00007ff9d8d52b40:   49 8b 00 48 89 02 c3 cc cc cc cc cc cc cc cc cc
0x00007ff9d8d52b50:   8b 81 40 39 00 00 c3 cc cc cc cc cc cc cc cc cc
0x00007ff9d8d52b60:   8b 81 40 39 00 00 83 c0 f0 83 f8 67 0f 87 5a 01
0x00007ff9d8d52b70:   00 00 48 8d 15 87 d4 e6 ff 0f b6 84 02 f0 2c 19
0x00007ff9d8d52b80:   00 8b 8c 82 d0 2c 19 00 48 03 ca ff e1 48 8b 0d
0x00007ff9d8d52b90:   6c 6f 7e 03 83 b9 b4 34 00 00 02 0f 87 2b 01 00
0x00007ff9d8d52ba0:   00 48 8d 91 0c 29 00 00 c7 02 e1 00 00 00 e9 ce
0x00007ff9d8d52bb0:   00 00 00 48 8b 0d 46 6f 7e 03 83 b9 b4 34 00 00
0x00007ff9d8d52bc0:   02 0f 87 05 01 00 00 48 8d 91 0c 29 00 00 c7 02
0x00007ff9d8d52bd0:   f0 00 00 00 e9 a8 00 00 00 48 8b 0d 20 6f 7e 03
0x00007ff9d8d52be0:   83 b9 b4 34 00 00 02 0f 87 df 00 00 00 48 8d 91
0x00007ff9d8d52bf0:   0c 29 00 00 c7 02 00 04 00 00 e9 82 00 00 00 48
0x00007ff9d8d52c00:   8b 0d fa 6e 7e 03 83 b9 b4 34 00 00 02 0f 87 b9
0x00007ff9d8d52c10:   00 00 00 48 8d 91 0c 29 00 00 c7 02 00 08 00 00
0x00007ff9d8d52c20:   eb 5f 48 8b 0d d7 6e 7e 03 83 b9 b4 34 00 00 02
0x00007ff9d8d52c30:   0f 87 96 00 00 00 48 8d 91 0c 29 00 00 c7 02 00
0x00007ff9d8d52c40:   09 00 00 eb 3c 48 8b 0d b4 6e 7e 03 83 b9 b4 34
0x00007ff9d8d52c50:   00 00 02 77 77 48 8d 91 0c 29 00 00 c7 02 3c 0f 


Stack slot to memory mapping:
stack at sp + 0 slots: 0x00007ff9d8d52e7c atio6axx.dll
stack at sp + 1 slots: 0x00007ff9dc596020 atio6axx.dll
stack at sp + 2 slots: 0x000001ea40265f78 points into unknown readable memory: 0x00007ff9dbd9f5f0 | f0 f5 d9 db f9 7f 00 00
stack at sp + 3 slots: 0x0 is NULL
stack at sp + 4 slots: 0x00007ff9d8d53e8d atio6axx.dll
stack at sp + 5 slots: 0x000000b54f7faab0 is pointing into the stack for thread: 0x000001ea15b72800
stack at sp + 6 slots: 0x00007ff9d8d0f484 atio6axx.dll
stack at sp + 7 slots: 0x00007ff9dc5933b0 atio6axx.dll


---------------  P R O C E S S  ---------------

Threads class SMR info:
_java_thread_list=0x000001ea3a765340, length=18, elements={
0x000001ea15b72800, 0x000001ea386e9e80, 0x000001ea386ea940, 0x000001ea387050c0,
0x000001ea38707a80, 0x000001ea38708430, 0x000001ea38708de0, 0x000001ea3870bb80,
0x000001ea38715370, 0x000001ea3871ed80, 0x000001ea3900e490, 0x000001ea39022180,
0x000001ea3923c960, 0x000001ea3bd3e410, 0x000001ea3af643c0, 0x000001ea3c8e6ec0,
0x000001ea3b6dd230, 0x000001ea4009cc10
}

Java Threads: ( => current thread )
=>0x000001ea15b72800 JavaThread "Render thread" [_thread_in_native, id=45472, stack(0x000000b54f700000,0x000000b54f800000)]
  0x000001ea386e9e80 JavaThread "Reference Handler" daemon [_thread_blocked, id=41008, stack(0x000000b54fe00000,0x000000b54ff00000)]
  0x000001ea386ea940 JavaThread "Finalizer" daemon [_thread_blocked, id=33236, stack(0x000000b54ff00000,0x000000b550000000)]
  0x000001ea387050c0 JavaThread "Signal Dispatcher" daemon [_thread_blocked, id=45960, stack(0x000000b550000000,0x000000b550100000)]
  0x000001ea38707a80 JavaThread "Attach Listener" daemon [_thread_blocked, id=45248, stack(0x000000b550100000,0x000000b550200000)]
  0x000001ea38708430 JavaThread "Service Thread" daemon [_thread_blocked, id=43100, stack(0x000000b550200000,0x000000b550300000)]
  0x000001ea38708de0 JavaThread "Monitor Deflation Thread" daemon [_thread_blocked, id=44376, stack(0x000000b550300000,0x000000b550400000)]
  0x000001ea3870bb80 JavaThread "C2 CompilerThread0" daemon [_thread_blocked, id=45680, stack(0x000000b550400000,0x000000b550500000)]
  0x000001ea38715370 JavaThread "C1 CompilerThread0" daemon [_thread_blocked, id=46028, stack(0x000000b550500000,0x000000b550600000)]
  0x000001ea3871ed80 JavaThread "Sweeper thread" daemon [_thread_blocked, id=27168, stack(0x000000b550600000,0x000000b550700000)]
  0x000001ea3900e490 JavaThread "Common-Cleaner" daemon [_thread_blocked, id=45860, stack(0x000000b550700000,0x000000b550800000)]
  0x000001ea39022180 JavaThread "C2 CompilerThread1" daemon [_thread_blocked, id=35336, stack(0x000000b550800000,0x000000b550900000)]
  0x000001ea3923c960 JavaThread "Notification Thread" daemon [_thread_blocked, id=4528, stack(0x000000b550900000,0x000000b550a00000)]
  0x000001ea3bd3e410 JavaThread "Thread-0" daemon [_thread_blocked, id=42204, stack(0x000000b551200000,0x000000b551300000)]
  0x000001ea3af643c0 JavaThread "FileSystemWatchService" daemon [_thread_in_native, id=6616, stack(0x000000b551300000,0x000000b551400000)]
  0x000001ea3c8e6ec0 JavaThread "pool-2-thread-1" daemon [_thread_blocked, id=45812, stack(0x000000b551900000,0x000000b551a00000)]
  0x000001ea3b6dd230 JavaThread "C2 CompilerThread2" daemon [_thread_blocked, id=43216, stack(0x000000b550b00000,0x000000b550c00000)]
  0x000001ea4009cc10 JavaThread "Timer hack thread" daemon [_thread_blocked, id=44392, stack(0x000000b551d00000,0x000000b551e00000)]

Other Threads:
  0x000001ea386e7940 VMThread "VM Thread" [stack: 0x000000b54fd00000,0x000000b54fe00000] [id=43912]
  0x000001ea39118f00 WatcherThread [stack: 0x000000b550a00000,0x000000b550b00000] [id=21972]
  0x000001ea15bdd9d0 GCTaskThread "GC Thread#0" [stack: 0x000000b54f800000,0x000000b54f900000] [id=40996]
  0x000001ea3a16d810 GCTaskThread "GC Thread#1" [stack: 0x000000b550c00000,0x000000b550d00000] [id=44732]
  0x000001ea3a2607f0 GCTaskThread "GC Thread#2" [stack: 0x000000b550d00000,0x000000b550e00000] [id=42500]
  0x000001ea3a260aa0 GCTaskThread "GC Thread#3" [stack: 0x000000b550e00000,0x000000b550f00000] [id=35432]
  0x000001ea3a260d50 GCTaskThread "GC Thread#4" [stack: 0x000000b550f00000,0x000000b551000000] [id=34188]
  0x000001ea3a261000 GCTaskThread "GC Thread#5" [stack: 0x000000b551000000,0x000000b551100000] [id=45976]
  0x000001ea3b123d90 GCTaskThread "GC Thread#6" [stack: 0x000000b551100000,0x000000b551200000] [id=30080]
  0x000001ea3cd13200 GCTaskThread "GC Thread#7" [stack: 0x000000b551400000,0x000000b551500000] [id=45444]
  0x000001ea3cd134b0 GCTaskThread "GC Thread#8" [stack: 0x000000b551500000,0x000000b551600000] [id=44724]
  0x000001ea3aced010 GCTaskThread "GC Thread#9" [stack: 0x000000b551600000,0x000000b551700000] [id=13688]
  0x000001ea15bee7f0 ConcurrentGCThread "G1 Main Marker" [stack: 0x000000b54f900000,0x000000b54fa00000] [id=27892]
  0x000001ea15bef9a0 ConcurrentGCThread "G1 Conc#0" [stack: 0x000000b54fa00000,0x000000b54fb00000] [id=40352]
  0x000001ea3db218c0 ConcurrentGCThread "G1 Conc#1" [stack: 0x000000b551700000,0x000000b551800000] [id=42172]
  0x000001ea3db21e20 ConcurrentGCThread "G1 Conc#2" [stack: 0x000000b551800000,0x000000b551900000] [id=4684]
  0x000001ea38620080 ConcurrentGCThread "G1 Refine#0" [stack: 0x000000b54fb00000,0x000000b54fc00000] [id=45944]
  0x000001ea38620940 ConcurrentGCThread "G1 Service" [stack: 0x000000b54fc00000,0x000000b54fd00000] [id=45412]

Threads with active compile tasks:

VM state: not at safepoint (normal execution)

VM Mutex/Monitor currently owned by a thread: None

Heap address: 0x0000000702800000, size: 4056 MB, Compressed Oops mode: Zero based, Oop shift amount: 3

CDS archive(s) mapped at: [0x0000000800000000-0x0000000800bc0000-0x0000000800bc0000), size 12320768, SharedBaseAddress: 0x0000000800000000, ArchiveRelocationMode: 0.
Compressed class space mapped at: 0x0000000800c00000-0x0000000840c00000, reserved size: 1073741824
Narrow klass base: 0x0000000800000000, Narrow klass shift: 0, Narrow klass range: 0x100000000

GC Precious Log:
 CPUs: 12 total, 12 available
 Memory: 16217M
 Large Page Support: Disabled
 NUMA Support: Disabled
 Compressed Oops: Enabled (Zero based)
 Heap Region Size: 2M
 Heap Min Capacity: 8M
 Heap Initial Capacity: 254M
 Heap Max Capacity: 4056M
 Pre-touch: Disabled
 Parallel Workers: 10
 Concurrent Workers: 3
 Concurrent Refinement Workers: 10
 Periodic GC: Disabled

Heap:
 garbage-first heap   total 401408K, used 276153K [0x0000000702800000, 0x0000000800000000)
  region size 2048K, 62 young (126976K), 4 survivors (8192K)
 Metaspace       used 65432K, committed 66560K, reserved 1105920K
  class space    used 9937K, committed 10432K, reserved 1048576K

Heap Regions: E=young(eden), S=young(survivor), O=old, HS=humongous(starts), HC=humongous(continues), CS=collection set, F=free, OA=open archive, CA=closed archive, TAMS=top-at-mark-start (previous, next)
|   0|0x0000000702800000, 0x0000000702a00000, 0x0000000702a00000|100%|HS|  |TAMS 0x0000000702a00000, 0x0000000702800000| Complete 
|   1|0x0000000702a00000, 0x0000000702c00000, 0x0000000702c00000|100%| O|  |TAMS 0x0000000702c00000, 0x0000000702a00000| Untracked 
|   2|0x0000000702c00000, 0x0000000702e00000, 0x0000000702e00000|100%|HS|  |TAMS 0x0000000702e00000, 0x0000000702c00000| Complete 
|   3|0x0000000702e00000, 0x0000000703000000, 0x0000000703000000|100%| O|  |TAMS 0x0000000703000000, 0x0000000702e00000| Untracked 
|   4|0x0000000703000000, 0x0000000703200000, 0x0000000703200000|100%| O|  |TAMS 0x0000000703200000, 0x0000000703000000| Untracked 
|   5|0x0000000703200000, 0x0000000703400000, 0x0000000703400000|100%| O|  |TAMS 0x0000000703400000, 0x0000000703200000| Untracked 
|   6|0x0000000703400000, 0x0000000703600000, 0x0000000703600000|100%|HS|  |TAMS 0x0000000703600000, 0x0000000703400000| Complete 
|   7|0x0000000703600000, 0x0000000703800000, 0x0000000703800000|100%|HS|  |TAMS 0x0000000703800000, 0x0000000703600000| Complete 
|   8|0x0000000703800000, 0x0000000703a00000, 0x0000000703a00000|100%| O|  |TAMS 0x0000000703a00000, 0x0000000703800000| Untracked 
|   9|0x0000000703a00000, 0x0000000703c00000, 0x0000000703c00000|100%| O|  |TAMS 0x0000000703c00000, 0x0000000703a00000| Untracked 
|  10|0x0000000703c00000, 0x0000000703e00000, 0x0000000703e00000|100%| O|  |TAMS 0x0000000703e00000, 0x0000000703c00000| Untracked 
|  11|0x0000000703e00000, 0x0000000704000000, 0x0000000704000000|100%| O|  |TAMS 0x0000000704000000, 0x0000000703e00000| Untracked 
|  12|0x0000000704000000, 0x0000000704200000, 0x0000000704200000|100%| O|  |TAMS 0x0000000704200000, 0x0000000704000000| Untracked 
|  13|0x0000000704200000, 0x0000000704400000, 0x0000000704400000|100%|HS|  |TAMS 0x0000000704400000, 0x0000000704200000| Complete 
|  14|0x0000000704400000, 0x0000000704600000, 0x0000000704600000|100%| O|  |TAMS 0x0000000704600000, 0x0000000704400000| Untracked 
|  15|0x0000000704600000, 0x0000000704800000, 0x0000000704800000|100%| O|  |TAMS 0x0000000704800000, 0x0000000704600000| Untracked 
|  16|0x0000000704800000, 0x0000000704a00000, 0x0000000704a00000|100%| O|  |TAMS 0x0000000704a00000, 0x0000000704800000| Untracked 
|  17|0x0000000704a00000, 0x0000000704c00000, 0x0000000704c00000|100%| O|  |TAMS 0x0000000704c00000, 0x0000000704a00000| Untracked 
|  18|0x0000000704c00000, 0x0000000704e00000, 0x0000000704e00000|100%| O|  |TAMS 0x0000000704e00000, 0x0000000704c00000| Untracked 
|  19|0x0000000704e00000, 0x0000000705000000, 0x0000000705000000|100%| O|  |TAMS 0x0000000705000000, 0x0000000704e00000| Untracked 
|  20|0x0000000705000000, 0x0000000705200000, 0x0000000705200000|100%| O|  |TAMS 0x0000000705200000, 0x0000000705000000| Untracked 
|  21|0x0000000705200000, 0x0000000705400000, 0x0000000705400000|100%| O|  |TAMS 0x0000000705400000, 0x0000000705200000| Untracked 
|  22|0x0000000705400000, 0x0000000705600000, 0x0000000705600000|100%| O|  |TAMS 0x0000000705600000, 0x0000000705400000| Untracked 
|  23|0x0000000705600000, 0x0000000705800000, 0x0000000705800000|100%| O|  |TAMS 0x0000000705800000, 0x0000000705600000| Untracked 
|  24|0x0000000705800000, 0x0000000705a00000, 0x0000000705a00000|100%| O|  |TAMS 0x0000000705a00000, 0x0000000705800000| Untracked 
|  25|0x0000000705a00000, 0x0000000705c00000, 0x0000000705c00000|100%| O|  |TAMS 0x0000000705c00000, 0x0000000705a00000| Untracked 
|  26|0x0000000705c00000, 0x0000000705e00000, 0x0000000705e00000|100%| O|  |TAMS 0x0000000705e00000, 0x0000000705c00000| Untracked 
|  27|0x0000000705e00000, 0x0000000706000000, 0x0000000706000000|100%| O|  |TAMS 0x0000000706000000, 0x0000000705e00000| Untracked 
|  28|0x0000000706000000, 0x0000000706200000, 0x0000000706200000|100%| O|  |TAMS 0x0000000706200000, 0x0000000706000000| Untracked 
|  29|0x0000000706200000, 0x0000000706400000, 0x0000000706400000|100%| O|  |TAMS 0x0000000706400000, 0x0000000706200000| Untracked 
|  30|0x0000000706400000, 0x0000000706600000, 0x0000000706600000|100%|HS|  |TAMS 0x0000000706600000, 0x0000000706400000| Complete 
|  31|0x0000000706600000, 0x0000000706800000, 0x0000000706800000|100%|HC|  |TAMS 0x0000000706800000, 0x0000000706600000| Complete 
|  32|0x0000000706800000, 0x0000000706a00000, 0x0000000706a00000|100%|HC|  |TAMS 0x0000000706a00000, 0x0000000706800000| Complete 
|  33|0x0000000706a00000, 0x0000000706c00000, 0x0000000706c00000|100%|HC|  |TAMS 0x0000000706c00000, 0x0000000706a00000| Complete 
|  34|0x0000000706c00000, 0x0000000706e00000, 0x0000000706e00000|100%|HC|  |TAMS 0x0000000706e00000, 0x0000000706c00000| Complete 
|  35|0x0000000706e00000, 0x0000000707000000, 0x0000000707000000|100%|HC|  |TAMS 0x0000000707000000, 0x0000000706e00000| Complete 
|  36|0x0000000707000000, 0x0000000707200000, 0x0000000707200000|100%| O|  |TAMS 0x0000000707200000, 0x0000000707000000| Untracked 
|  37|0x0000000707200000, 0x0000000707400000, 0x0000000707400000|100%| O|  |TAMS 0x0000000707400000, 0x0000000707200000| Untracked 
|  38|0x0000000707400000, 0x0000000707600000, 0x0000000707600000|100%| O|  |TAMS 0x0000000707600000, 0x0000000707400000| Untracked 
|  39|0x0000000707600000, 0x0000000707800000, 0x0000000707800000|100%| O|  |TAMS 0x0000000707800000, 0x0000000707600000| Untracked 
|  40|0x0000000707800000, 0x0000000707971200, 0x0000000707a00000| 72%| O|  |TAMS 0x0000000707971200, 0x0000000707800000| Untracked 
|  41|0x0000000707a00000, 0x0000000707c00000, 0x0000000707c00000|100%| O|  |TAMS 0x0000000707c00000, 0x0000000707a00000| Untracked 
|  42|0x0000000707c00000, 0x0000000707e00000, 0x0000000707e00000|100%| O|  |TAMS 0x0000000707e00000, 0x0000000707c00000| Untracked 
|  43|0x0000000707e00000, 0x0000000708000000, 0x0000000708000000|100%| O|  |TAMS 0x0000000708000000, 0x0000000707e00000| Untracked 
|  44|0x0000000708000000, 0x0000000708200000, 0x0000000708200000|100%| O|  |TAMS 0x0000000708200000, 0x0000000708000000| Untracked 
|  45|0x0000000708200000, 0x0000000708400000, 0x0000000708400000|100%| O|  |TAMS 0x0000000708400000, 0x0000000708200000| Untracked 
|  46|0x0000000708400000, 0x0000000708600000, 0x0000000708600000|100%| O|  |TAMS 0x0000000708600000, 0x0000000708400000| Untracked 
|  47|0x0000000708600000, 0x0000000708800000, 0x0000000708800000|100%| O|  |TAMS 0x0000000708800000, 0x0000000708600000| Untracked 
|  48|0x0000000708800000, 0x0000000708a00000, 0x0000000708a00000|100%| O|  |TAMS 0x0000000708a00000, 0x0000000708800000| Untracked 
|  49|0x0000000708a00000, 0x0000000708c00000, 0x0000000708c00000|100%| O|  |TAMS 0x0000000708c00000, 0x0000000708a00000| Untracked 
|  50|0x0000000708c00000, 0x0000000708e00000, 0x0000000708e00000|100%| O|  |TAMS 0x0000000708e00000, 0x0000000708c00000| Untracked 
|  51|0x0000000708e00000, 0x0000000709000000, 0x0000000709000000|100%| O|  |TAMS 0x0000000709000000, 0x0000000708e00000| Untracked 
|  52|0x0000000709000000, 0x0000000709200000, 0x0000000709200000|100%| O|  |TAMS 0x0000000709200000, 0x0000000709000000| Untracked 
|  53|0x0000000709200000, 0x0000000709400000, 0x0000000709400000|100%| O|  |TAMS 0x0000000709400000, 0x0000000709200000| Untracked 
|  54|0x0000000709400000, 0x0000000709600000, 0x0000000709600000|100%| O|  |TAMS 0x0000000709600000, 0x0000000709400000| Untracked 
|  55|0x0000000709600000, 0x0000000709800000, 0x0000000709800000|100%| O|  |TAMS 0x0000000709800000, 0x0000000709600000| Untracked 
|  56|0x0000000709800000, 0x0000000709a00000, 0x0000000709a00000|100%| O|  |TAMS 0x0000000709a00000, 0x0000000709800000| Untracked 
|  57|0x0000000709a00000, 0x0000000709c00000, 0x0000000709c00000|100%| O|  |TAMS 0x0000000709c00000, 0x0000000709a00000| Untracked 
|  58|0x0000000709c00000, 0x0000000709e00000, 0x0000000709e00000|100%| O|  |TAMS 0x0000000709e00000, 0x0000000709c00000| Untracked 
|  59|0x0000000709e00000, 0x000000070a000000, 0x000000070a000000|100%| O|  |TAMS 0x000000070a000000, 0x0000000709e00000| Untracked 
|  60|0x000000070a000000, 0x000000070a200000, 0x000000070a200000|100%| O|  |TAMS 0x000000070a200000, 0x000000070a000000| Untracked 
|  61|0x000000070a200000, 0x000000070a400000, 0x000000070a400000|100%| O|  |TAMS 0x000000070a400000, 0x000000070a200000| Untracked 
|  62|0x000000070a400000, 0x000000070a600000, 0x000000070a600000|100%| O|  |TAMS 0x000000070a600000, 0x000000070a400000| Untracked 
|  63|0x000000070a600000, 0x000000070a800000, 0x000000070a800000|100%| O|  |TAMS 0x000000070a800000, 0x000000070a600000| Untracked 
|  64|0x000000070a800000, 0x000000070aa00000, 0x000000070aa00000|100%| O|  |TAMS 0x000000070aa00000, 0x000000070a800000| Untracked 
|  65|0x000000070aa00000, 0x000000070ac00000, 0x000000070ac00000|100%| O|  |TAMS 0x000000070aa00000, 0x000000070aa00000| Untracked 
|  66|0x000000070ac00000, 0x000000070ae00000, 0x000000070ae00000|100%| O|  |TAMS 0x000000070ac00000, 0x000000070ac00000| Untracked 
|  67|0x000000070ae00000, 0x000000070b000000, 0x000000070b000000|100%| O|  |TAMS 0x000000070ae00000, 0x000000070ae00000| Untracked 
|  68|0x000000070b000000, 0x000000070b200000, 0x000000070b200000|100%| O|  |TAMS 0x000000070b000000, 0x000000070b000000| Untracked 
|  69|0x000000070b200000, 0x000000070b400000, 0x000000070b400000|100%| O|  |TAMS 0x000000070b200000, 0x000000070b200000| Untracked 
|  70|0x000000070b400000, 0x000000070b600000, 0x000000070b600000|100%| O|  |TAMS 0x000000070b400000, 0x000000070b400000| Untracked 
|  71|0x000000070b600000, 0x000000070b800000, 0x000000070b800000|100%| O|  |TAMS 0x000000070b600000, 0x000000070b600000| Untracked 
|  72|0x000000070b800000, 0x000000070ba00000, 0x000000070ba00000|100%| O|  |TAMS 0x000000070b800000, 0x000000070b800000| Untracked 
|  73|0x000000070ba00000, 0x000000070bc00000, 0x000000070bc00000|100%| O|  |TAMS 0x000000070ba00000, 0x000000070ba00000| Untracked 
|  74|0x000000070bc00000, 0x000000070bcc2800, 0x000000070be00000| 37%| O|  |TAMS 0x000000070bc00000, 0x000000070bc00000| Untracked 
|  75|0x000000070be00000, 0x000000070be00000, 0x000000070c000000|  0%| F|  |TAMS 0x000000070be00000, 0x000000070be00000| Untracked 
|  76|0x000000070c000000, 0x000000070c000000, 0x000000070c200000|  0%| F|  |TAMS 0x000000070c000000, 0x000000070c000000| Untracked 
|  77|0x000000070c200000, 0x000000070c200000, 0x000000070c400000|  0%| F|  |TAMS 0x000000070c200000, 0x000000070c200000| Untracked 
|  78|0x000000070c400000, 0x000000070c400000, 0x000000070c600000|  0%| F|  |TAMS 0x000000070c400000, 0x000000070c400000| Untracked 
|  79|0x000000070c600000, 0x000000070c600000, 0x000000070c800000|  0%| F|  |TAMS 0x000000070c600000, 0x000000070c600000| Untracked 
|  80|0x000000070c800000, 0x000000070c800000, 0x000000070ca00000|  0%| F|  |TAMS 0x000000070c800000, 0x000000070c800000| Untracked 
|  81|0x000000070ca00000, 0x000000070ca00000, 0x000000070cc00000|  0%| F|  |TAMS 0x000000070ca00000, 0x000000070ca00000| Untracked 
|  82|0x000000070cc00000, 0x000000070cc00000, 0x000000070ce00000|  0%| F|  |TAMS 0x000000070cc00000, 0x000000070cc00000| Untracked 
|  83|0x000000070ce00000, 0x000000070ce00000, 0x000000070d000000|  0%| F|  |TAMS 0x000000070ce00000, 0x000000070ce00000| Untracked 
|  84|0x000000070d000000, 0x000000070d000000, 0x000000070d200000|  0%| F|  |TAMS 0x000000070d000000, 0x000000070d000000| Untracked 
|  85|0x000000070d200000, 0x000000070d200000, 0x000000070d400000|  0%| F|  |TAMS 0x000000070d200000, 0x000000070d200000| Untracked 
|  86|0x000000070d400000, 0x000000070d400000, 0x000000070d600000|  0%| F|  |TAMS 0x000000070d400000, 0x000000070d400000| Untracked 
|  87|0x000000070d600000, 0x000000070d600000, 0x000000070d800000|  0%| F|  |TAMS 0x000000070d600000, 0x000000070d600000| Untracked 
|  88|0x000000070d800000, 0x000000070d800000, 0x000000070da00000|  0%| F|  |TAMS 0x000000070d800000, 0x000000070d800000| Untracked 
|  89|0x000000070da00000, 0x000000070da00000, 0x000000070dc00000|  0%| F|  |TAMS 0x000000070da00000, 0x000000070da00000| Untracked 
|  90|0x000000070dc00000, 0x000000070dc00000, 0x000000070de00000|  0%| F|  |TAMS 0x000000070dc00000, 0x000000070dc00000| Untracked 
|  91|0x000000070de00000, 0x000000070de00000, 0x000000070e000000|  0%| F|  |TAMS 0x000000070de00000, 0x000000070de00000| Untracked 
|  92|0x000000070e000000, 0x000000070e000000, 0x000000070e200000|  0%| F|  |TAMS 0x000000070e000000, 0x000000070e000000| Untracked 
|  93|0x000000070e200000, 0x000000070e200000, 0x000000070e400000|  0%| F|  |TAMS 0x000000070e200000, 0x000000070e200000| Untracked 
|  94|0x000000070e400000, 0x000000070e400000, 0x000000070e600000|  0%| F|  |TAMS 0x000000070e400000, 0x000000070e400000| Untracked 
|  95|0x000000070e600000, 0x000000070e600000, 0x000000070e800000|  0%| F|  |TAMS 0x000000070e600000, 0x000000070e600000| Untracked 
|  96|0x000000070e800000, 0x000000070e800000, 0x000000070ea00000|  0%| F|  |TAMS 0x000000070e800000, 0x000000070e800000| Untracked 
|  97|0x000000070ea00000, 0x000000070ea00000, 0x000000070ec00000|  0%| F|  |TAMS 0x000000070ea00000, 0x000000070ea00000| Untracked 
|  98|0x000000070ec00000, 0x000000070ec00000, 0x000000070ee00000|  0%| F|  |TAMS 0x000000070ec00000, 0x000000070ec00000| Untracked 
|  99|0x000000070ee00000, 0x000000070ee00000, 0x000000070f000000|  0%| F|  |TAMS 0x000000070ee00000, 0x000000070ee00000| Untracked 
| 100|0x000000070f000000, 0x000000070f000000, 0x000000070f200000|  0%| F|  |TAMS 0x000000070f000000, 0x000000070f000000| Untracked 
| 101|0x000000070f200000, 0x000000070f200000, 0x000000070f400000|  0%| F|  |TAMS 0x000000070f200000, 0x000000070f200000| Untracked 
| 102|0x000000070f400000, 0x000000070f400000, 0x000000070f600000|  0%| F|  |TAMS 0x000000070f400000, 0x000000070f400000| Untracked 
| 103|0x000000070f600000, 0x000000070f600000, 0x000000070f800000|  0%| F|  |TAMS 0x000000070f600000, 0x000000070f600000| Untracked 
| 104|0x000000070f800000, 0x000000070f800000, 0x000000070fa00000|  0%| F|  |TAMS 0x000000070f800000, 0x000000070f800000| Untracked 
| 105|0x000000070fa00000, 0x000000070fa00000, 0x000000070fc00000|  0%| F|  |TAMS 0x000000070fa00000, 0x000000070fa00000| Untracked 
| 106|0x000000070fc00000, 0x000000070fc00000, 0x000000070fe00000|  0%| F|  |TAMS 0x000000070fc00000, 0x000000070fc00000| Untracked 
| 107|0x000000070fe00000, 0x000000070fe00000, 0x0000000710000000|  0%| F|  |TAMS 0x000000070fe00000, 0x000000070fe00000| Untracked 
| 108|0x0000000710000000, 0x0000000710000000, 0x0000000710200000|  0%| F|  |TAMS 0x0000000710000000, 0x0000000710000000| Untracked 
| 109|0x0000000710200000, 0x0000000710200000, 0x0000000710400000|  0%| F|  |TAMS 0x0000000710200000, 0x0000000710200000| Untracked 
| 110|0x0000000710400000, 0x0000000710400000, 0x0000000710600000|  0%| F|  |TAMS 0x0000000710400000, 0x0000000710400000| Untracked 
| 111|0x0000000710600000, 0x0000000710600000, 0x0000000710800000|  0%| F|  |TAMS 0x0000000710600000, 0x0000000710600000| Untracked 
| 112|0x0000000710800000, 0x0000000710800000, 0x0000000710a00000|  0%| F|  |TAMS 0x0000000710800000, 0x0000000710800000| Untracked 
| 113|0x0000000710a00000, 0x0000000710a00000, 0x0000000710c00000|  0%| F|  |TAMS 0x0000000710a00000, 0x0000000710a00000| Untracked 
| 114|0x0000000710c00000, 0x0000000710c00000, 0x0000000710e00000|  0%| F|  |TAMS 0x0000000710c00000, 0x0000000710c00000| Untracked 
| 115|0x0000000710e00000, 0x0000000710e00000, 0x0000000711000000|  0%| F|  |TAMS 0x0000000710e00000, 0x0000000710e00000| Untracked 
| 116|0x0000000711000000, 0x0000000711000000, 0x0000000711200000|  0%| F|  |TAMS 0x0000000711000000, 0x0000000711000000| Untracked 
| 117|0x0000000711200000, 0x0000000711200000, 0x0000000711400000|  0%| F|  |TAMS 0x0000000711200000, 0x0000000711200000| Untracked 
| 118|0x0000000711400000, 0x0000000711400000, 0x0000000711600000|  0%| F|  |TAMS 0x0000000711400000, 0x0000000711400000| Untracked 
| 119|0x0000000711600000, 0x0000000711600000, 0x0000000711800000|  0%| F|  |TAMS 0x0000000711600000, 0x0000000711600000| Untracked 
| 120|0x0000000711800000, 0x0000000711800000, 0x0000000711a00000|  0%| F|  |TAMS 0x0000000711800000, 0x0000000711800000| Untracked 
| 121|0x0000000711a00000, 0x0000000711a00000, 0x0000000711c00000|  0%| F|  |TAMS 0x0000000711a00000, 0x0000000711a00000| Untracked 
| 122|0x0000000711c00000, 0x0000000711c00000, 0x0000000711e00000|  0%| F|  |TAMS 0x0000000711c00000, 0x0000000711c00000| Untracked 
| 123|0x0000000711e00000, 0x0000000711e00000, 0x0000000712000000|  0%| F|  |TAMS 0x0000000711e00000, 0x0000000711e00000| Untracked 
| 124|0x0000000712000000, 0x0000000712000000, 0x0000000712200000|  0%| F|  |TAMS 0x0000000712000000, 0x0000000712000000| Untracked 
| 125|0x0000000712200000, 0x0000000712200000, 0x0000000712400000|  0%| F|  |TAMS 0x0000000712200000, 0x0000000712200000| Untracked 
| 126|0x0000000712400000, 0x0000000712400000, 0x0000000712600000|  0%| F|  |TAMS 0x0000000712400000, 0x0000000712400000| Untracked 
| 127|0x0000000712600000, 0x0000000712600000, 0x0000000712800000|  0%| F|  |TAMS 0x0000000712600000, 0x0000000712600000| Untracked 
| 128|0x0000000712800000, 0x0000000712800000, 0x0000000712a00000|  0%| F|  |TAMS 0x0000000712800000, 0x0000000712800000| Untracked 
| 129|0x0000000712a00000, 0x0000000712a00000, 0x0000000712c00000|  0%| F|  |TAMS 0x0000000712a00000, 0x0000000712a00000| Untracked 
| 130|0x0000000712c00000, 0x0000000712c00000, 0x0000000712e00000|  0%| F|  |TAMS 0x0000000712c00000, 0x0000000712c00000| Untracked 
| 131|0x0000000712e00000, 0x0000000712e00000, 0x0000000713000000|  0%| F|  |TAMS 0x0000000712e00000, 0x0000000712e00000| Untracked 
| 132|0x0000000713000000, 0x0000000713000000, 0x0000000713200000|  0%| F|  |TAMS 0x0000000713000000, 0x0000000713000000| Untracked 
| 133|0x0000000713200000, 0x0000000713200000, 0x0000000713400000|  0%| F|  |TAMS 0x0000000713200000, 0x0000000713200000| Untracked 
| 134|0x0000000713400000, 0x0000000713401570, 0x0000000713600000|  0%| E|  |TAMS 0x0000000713400000, 0x0000000713400000| Complete 
| 135|0x0000000713600000, 0x000000071377ad60, 0x0000000713800000| 73%| S|CS|TAMS 0x0000000713600000, 0x0000000713600000| Complete 
| 136|0x0000000713800000, 0x0000000713a00000, 0x0000000713a00000|100%| S|CS|TAMS 0x0000000713800000, 0x0000000713800000| Complete 
| 137|0x0000000713a00000, 0x0000000713c00000, 0x0000000713c00000|100%| S|CS|TAMS 0x0000000713a00000, 0x0000000713a00000| Complete 
| 138|0x0000000713c00000, 0x0000000713e00000, 0x0000000713e00000|100%| S|CS|TAMS 0x0000000713c00000, 0x0000000713c00000| Complete 
| 139|0x0000000713e00000, 0x0000000714000000, 0x0000000714000000|100%| E|CS|TAMS 0x0000000713e00000, 0x0000000713e00000| Complete 
| 140|0x0000000714000000, 0x0000000714200000, 0x0000000714200000|100%| E|CS|TAMS 0x0000000714000000, 0x0000000714000000| Complete 
| 141|0x0000000714200000, 0x0000000714400000, 0x0000000714400000|100%| E|CS|TAMS 0x0000000714200000, 0x0000000714200000| Complete 
| 142|0x0000000714400000, 0x0000000714600000, 0x0000000714600000|100%| E|CS|TAMS 0x0000000714400000, 0x0000000714400000| Complete 
| 143|0x0000000714600000, 0x0000000714800000, 0x0000000714800000|100%| E|CS|TAMS 0x0000000714600000, 0x0000000714600000| Complete 
| 144|0x0000000714800000, 0x0000000714a00000, 0x0000000714a00000|100%| E|CS|TAMS 0x0000000714800000, 0x0000000714800000| Complete 
| 145|0x0000000714a00000, 0x0000000714c00000, 0x0000000714c00000|100%| E|CS|TAMS 0x0000000714a00000, 0x0000000714a00000| Complete 
| 146|0x0000000714c00000, 0x0000000714e00000, 0x0000000714e00000|100%| E|CS|TAMS 0x0000000714c00000, 0x0000000714c00000| Complete 
| 147|0x0000000714e00000, 0x0000000715000000, 0x0000000715000000|100%| E|CS|TAMS 0x0000000714e00000, 0x0000000714e00000| Complete 
| 148|0x0000000715000000, 0x0000000715200000, 0x0000000715200000|100%| E|CS|TAMS 0x0000000715000000, 0x0000000715000000| Complete 
| 149|0x0000000715200000, 0x0000000715400000, 0x0000000715400000|100%| E|CS|TAMS 0x0000000715200000, 0x0000000715200000| Complete 
| 150|0x0000000715400000, 0x0000000715600000, 0x0000000715600000|100%| E|CS|TAMS 0x0000000715400000, 0x0000000715400000| Complete 
| 151|0x0000000715600000, 0x0000000715800000, 0x0000000715800000|100%| E|CS|TAMS 0x0000000715600000, 0x0000000715600000| Complete 
| 152|0x0000000715800000, 0x0000000715a00000, 0x0000000715a00000|100%| E|CS|TAMS 0x0000000715800000, 0x0000000715800000| Complete 
| 153|0x0000000715a00000, 0x0000000715c00000, 0x0000000715c00000|100%| E|CS|TAMS 0x0000000715a00000, 0x0000000715a00000| Complete 
| 154|0x0000000715c00000, 0x0000000715e00000, 0x0000000715e00000|100%| E|CS|TAMS 0x0000000715c00000, 0x0000000715c00000| Complete 
| 155|0x0000000715e00000, 0x0000000716000000, 0x0000000716000000|100%| E|CS|TAMS 0x0000000715e00000, 0x0000000715e00000| Complete 
| 156|0x0000000716000000, 0x0000000716200000, 0x0000000716200000|100%| E|CS|TAMS 0x0000000716000000, 0x0000000716000000| Complete 
| 157|0x0000000716200000, 0x0000000716400000, 0x0000000716400000|100%| E|CS|TAMS 0x0000000716200000, 0x0000000716200000| Complete 
| 158|0x0000000716400000, 0x0000000716600000, 0x0000000716600000|100%| E|CS|TAMS 0x0000000716400000, 0x0000000716400000| Complete 
| 159|0x0000000716600000, 0x0000000716800000, 0x0000000716800000|100%| E|CS|TAMS 0x0000000716600000, 0x0000000716600000| Complete 
| 160|0x0000000716800000, 0x0000000716a00000, 0x0000000716a00000|100%| E|CS|TAMS 0x0000000716800000, 0x0000000716800000| Complete 
| 161|0x0000000716a00000, 0x0000000716c00000, 0x0000000716c00000|100%| E|CS|TAMS 0x0000000716a00000, 0x0000000716a00000| Complete 
| 162|0x0000000716c00000, 0x0000000716e00000, 0x0000000716e00000|100%| E|CS|TAMS 0x0000000716c00000, 0x0000000716c00000| Complete 
| 163|0x0000000716e00000, 0x0000000717000000, 0x0000000717000000|100%| E|CS|TAMS 0x0000000716e00000, 0x0000000716e00000| Complete 
| 164|0x0000000717000000, 0x0000000717200000, 0x0000000717200000|100%| E|CS|TAMS 0x0000000717000000, 0x0000000717000000| Complete 
| 165|0x0000000717200000, 0x0000000717400000, 0x0000000717400000|100%| E|CS|TAMS 0x0000000717200000, 0x0000000717200000| Complete 
| 166|0x0000000717400000, 0x0000000717600000, 0x0000000717600000|100%| E|CS|TAMS 0x0000000717400000, 0x0000000717400000| Complete 
| 167|0x0000000717600000, 0x0000000717800000, 0x0000000717800000|100%| E|CS|TAMS 0x0000000717600000, 0x0000000717600000| Complete 
| 168|0x0000000717800000, 0x0000000717a00000, 0x0000000717a00000|100%| E|CS|TAMS 0x0000000717800000, 0x0000000717800000| Complete 
| 169|0x0000000717a00000, 0x0000000717c00000, 0x0000000717c00000|100%| E|CS|TAMS 0x0000000717a00000, 0x0000000717a00000| Complete 
| 170|0x0000000717c00000, 0x0000000717e00000, 0x0000000717e00000|100%| E|CS|TAMS 0x0000000717c00000, 0x0000000717c00000| Complete 
| 171|0x0000000717e00000, 0x0000000718000000, 0x0000000718000000|100%| E|CS|TAMS 0x0000000717e00000, 0x0000000717e00000| Complete 
| 172|0x0000000718000000, 0x0000000718200000, 0x0000000718200000|100%| E|CS|TAMS 0x0000000718000000, 0x0000000718000000| Complete 
| 173|0x0000000718200000, 0x0000000718400000, 0x0000000718400000|100%| E|CS|TAMS 0x0000000718200000, 0x0000000718200000| Complete 
| 174|0x0000000718400000, 0x0000000718600000, 0x0000000718600000|100%| E|CS|TAMS 0x0000000718400000, 0x0000000718400000| Complete 
| 175|0x0000000718600000, 0x0000000718800000, 0x0000000718800000|100%| E|CS|TAMS 0x0000000718600000, 0x0000000718600000| Complete 
| 176|0x0000000718800000, 0x0000000718a00000, 0x0000000718a00000|100%| E|CS|TAMS 0x0000000718800000, 0x0000000718800000| Complete 
| 177|0x0000000718a00000, 0x0000000718c00000, 0x0000000718c00000|100%| E|CS|TAMS 0x0000000718a00000, 0x0000000718a00000| Complete 
| 178|0x0000000718c00000, 0x0000000718e00000, 0x0000000718e00000|100%| E|CS|TAMS 0x0000000718c00000, 0x0000000718c00000| Complete 
| 179|0x0000000718e00000, 0x0000000719000000, 0x0000000719000000|100%| E|CS|TAMS 0x0000000718e00000, 0x0000000718e00000| Complete 
| 180|0x0000000719000000, 0x0000000719200000, 0x0000000719200000|100%| E|CS|TAMS 0x0000000719000000, 0x0000000719000000| Complete 
| 181|0x0000000719200000, 0x0000000719400000, 0x0000000719400000|100%| E|CS|TAMS 0x0000000719200000, 0x0000000719200000| Complete 
| 182|0x0000000719400000, 0x0000000719600000, 0x0000000719600000|100%| E|CS|TAMS 0x0000000719400000, 0x0000000719400000| Complete 
| 183|0x0000000719600000, 0x0000000719800000, 0x0000000719800000|100%| E|CS|TAMS 0x0000000719600000, 0x0000000719600000| Complete 
| 184|0x0000000719800000, 0x0000000719a00000, 0x0000000719a00000|100%| E|CS|TAMS 0x0000000719800000, 0x0000000719800000| Complete 
| 185|0x0000000719a00000, 0x0000000719c00000, 0x0000000719c00000|100%| E|CS|TAMS 0x0000000719a00000, 0x0000000719a00000| Complete 
| 186|0x0000000719c00000, 0x0000000719e00000, 0x0000000719e00000|100%| E|CS|TAMS 0x0000000719c00000, 0x0000000719c00000| Complete 
| 187|0x0000000719e00000, 0x000000071a000000, 0x000000071a000000|100%| E|CS|TAMS 0x0000000719e00000, 0x0000000719e00000| Complete 
| 188|0x000000071a000000, 0x000000071a200000, 0x000000071a200000|100%| E|CS|TAMS 0x000000071a000000, 0x000000071a000000| Complete 
| 189|0x000000071a200000, 0x000000071a400000, 0x000000071a400000|100%| E|CS|TAMS 0x000000071a200000, 0x000000071a200000| Complete 
| 190|0x000000071a400000, 0x000000071a600000, 0x000000071a600000|100%| E|CS|TAMS 0x000000071a400000, 0x000000071a400000| Complete 
| 191|0x000000071a600000, 0x000000071a800000, 0x000000071a800000|100%| E|CS|TAMS 0x000000071a600000, 0x000000071a600000| Complete 
| 192|0x000000071a800000, 0x000000071aa00000, 0x000000071aa00000|100%| E|CS|TAMS 0x000000071a800000, 0x000000071a800000| Complete 
| 193|0x000000071aa00000, 0x000000071ac00000, 0x000000071ac00000|100%| E|CS|TAMS 0x000000071aa00000, 0x000000071aa00000| Complete 
| 198|0x000000071b400000, 0x000000071b600000, 0x000000071b600000|100%| E|CS|TAMS 0x000000071b400000, 0x000000071b400000| Complete 
| 199|0x000000071b600000, 0x000000071b800000, 0x000000071b800000|100%| E|CS|TAMS 0x000000071b600000, 0x000000071b600000| Complete 

Card table byte_map: [0x000001ea2d370000,0x000001ea2db60000] _byte_map_base: 0x000001ea29b5c000

Marking Bits (Prev, Next): (CMBitMap*) 0x000001ea15bde020, (CMBitMap*) 0x000001ea15bddfe0
 Prev Bits: [0x000001ea322b0000, 0x000001ea36210000)
 Next Bits: [0x000001ea2e350000, 0x000001ea322b0000)

Polling page: 0x000001ea13ad0000

Metaspace:

Usage:
  Non-class:     54.20 MB used.
      Class:      9.70 MB used.
       Both:     63.90 MB used.

Virtual space:
  Non-class space:       56.00 MB reserved,      54.81 MB ( 98%) committed,  7 nodes.
      Class space:        1.00 GB reserved,      10.19 MB ( <1%) committed,  1 nodes.
             Both:        1.05 GB reserved,      65.00 MB (  6%) committed. 

Chunk freelists:
   Non-Class:  1.06 MB
       Class:  1.76 MB
        Both:  2.82 MB

MaxMetaspaceSize: unlimited
CompressedClassSpaceSize: 1.00 GB
Initial GC threshold: 21.00 MB
Current GC threshold: 99.31 MB
CDS: on
MetaspaceReclaimPolicy: balanced
 - commit_granule_bytes: 65536.
 - commit_granule_words: 8192.
 - virtual_space_node_default_size: 1048576.
 - enlarge_chunks_in_place: 1.
 - new_chunks_are_fully_committed: 0.
 - uncommit_free_chunks: 1.
 - use_allocation_guard: 0.
 - handle_deallocations: 1.


Internal statistics:

num_allocs_failed_limit: 12.
num_arena_births: 1718.
num_arena_deaths: 0.
num_vsnodes_births: 8.
num_vsnodes_deaths: 0.
num_space_committed: 1037.
num_space_uncommitted: 0.
num_chunks_returned_to_freelist: 12.
num_chunks_taken_from_freelist: 4434.
num_chunk_merges: 12.
num_chunk_splits: 2867.
num_chunks_enlarged: 1922.
num_purges: 0.
num_inconsistent_stats: 0.

CodeHeap 'non-profiled nmethods': size=120000Kb used=6645Kb max_used=6645Kb free=113354Kb
 bounds [0x000001ea250f0000, 0x000001ea25770000, 0x000001ea2c620000]
CodeHeap 'profiled nmethods': size=120000Kb used=11742Kb max_used=13020Kb free=108257Kb
 bounds [0x000001ea1dbc0000, 0x000001ea1e8e0000, 0x000001ea250f0000]
CodeHeap 'non-nmethods': size=5760Kb used=1962Kb max_used=2020Kb free=3797Kb
 bounds [0x000001ea1d620000, 0x000001ea1d890000, 0x000001ea1dbc0000]
 total_blobs=8665 nmethods=7192 adapters=1384
 compilation: enabled
              stopped_count=0, restarted_count=0
 full_count=0

Compilation events (20 events):
Event: 7.775 Thread 0x000001ea38715370 nmethod 9605 0x000001ea1e5a1510 code [0x000001ea1e5a16c0, 0x000001ea1e5a1868]
Event: 7.779 Thread 0x000001ea3b6dd230 9606       4       org.objectweb.asm.tree.LdcInsnNode::accept (14 bytes)
Event: 7.780 Thread 0x000001ea3b6dd230 nmethod 9606 0x000001ea25759390 code [0x000001ea25759520, 0x000001ea25759648]
Event: 7.781 Thread 0x000001ea38715370 9607       3       sun.misc.Unsafe::getInt (9 bytes)
Event: 7.781 Thread 0x000001ea38715370 nmethod 9607 0x000001ea1e45d890 code [0x000001ea1e45da20, 0x000001ea1e45db38]
Event: 7.781 Thread 0x000001ea38715370 9608       3       org.lwjgl.system.CustomBuffer::address (19 bytes)
Event: 7.781 Thread 0x000001ea38715370 nmethod 9608 0x000001ea1e5b2490 code [0x000001ea1e5b2640, 0x000001ea1e5b28a8]
Event: 7.781 Thread 0x000001ea38715370 9609       3       org.lwjgl.system.StructBuffer::sizeof (8 bytes)
Event: 7.781 Thread 0x000001ea38715370 nmethod 9609 0x000001ea1e45ba90 code [0x000001ea1e45bc40, 0x000001ea1e45be98]
Event: 7.781 Thread 0x000001ea38715370 9610       3       org.objectweb.asm.ClassWriter::<init> (73 bytes)
Event: 7.781 Thread 0x000001ea38715370 nmethod 9610 0x000001ea1dfed190 code [0x000001ea1dfed360, 0x000001ea1dfed808]
Event: 7.781 Thread 0x000001ea38715370 9612       3       org.objectweb.asm.ClassWriter::visit (160 bytes)
Event: 7.782 Thread 0x000001ea38715370 nmethod 9612 0x000001ea1e0e2110 code [0x000001ea1e0e2340, 0x000001ea1e0e2bb8]
Event: 7.782 Thread 0x000001ea38715370 9611       3       org.objectweb.asm.SymbolTable::<init> (41 bytes)
Event: 7.782 Thread 0x000001ea38715370 nmethod 9611 0x000001ea1e5c7810 code [0x000001ea1e5c79e0, 0x000001ea1e5c7f78]
Event: 7.782 Thread 0x000001ea38715370 9613       3       org.objectweb.asm.SymbolTable::setMajorVersionAndClassName (19 bytes)
Event: 7.782 Thread 0x000001ea38715370 nmethod 9613 0x000001ea1e5f3910 code [0x000001ea1e5f3ac0, 0x000001ea1e5f3cc8]
Event: 7.785 Thread 0x000001ea38715370 9617       3       jdk.internal.loader.NativeLibraries$NativeLibraryImpl::find (6 bytes)
Event: 7.785 Thread 0x000001ea38715370 nmethod 9617 0x000001ea1e525010 code [0x000001ea1e5251a0, 0x000001ea1e5252c8]
Event: 7.795 Thread 0x000001ea39022180 nmethod 9392 0x000001ea2575a490 code [0x000001ea2575ad00, 0x000001ea25765b08]

GC Heap History (20 events):
Event: 2.843 GC heap before
{Heap before GC invocations=8 (full 0):
 garbage-first heap   total 204800K, used 72024K [0x0000000702800000, 0x0000000800000000)
  region size 2048K, 7 young (14336K), 6 survivors (12288K)
 Metaspace       used 25625K, committed 26304K, reserved 1073152K
  class space    used 3167K, committed 3456K, reserved 1048576K
}
Event: 2.847 GC heap after
{Heap after GC invocations=9 (full 0):
 garbage-first heap   total 204800K, used 71108K [0x0000000702800000, 0x0000000800000000)
  region size 2048K, 1 young (2048K), 1 survivors (2048K)
 Metaspace       used 25625K, committed 26304K, reserved 1073152K
  class space    used 3167K, committed 3456K, reserved 1048576K
}
Event: 2.962 GC heap before
{Heap before GC invocations=9 (full 0):
 garbage-first heap   total 204800K, used 155076K [0x0000000702800000, 0x0000000800000000)
  region size 2048K, 42 young (86016K), 1 survivors (2048K)
 Metaspace       used 26813K, committed 27584K, reserved 1073152K
  class space    used 3325K, committed 3648K, reserved 1048576K
}
Event: 2.964 GC heap after
{Heap after GC invocations=10 (full 0):
 garbage-first heap   total 409600K, used 70909K [0x0000000702800000, 0x0000000800000000)
  region size 2048K, 1 young (2048K), 1 survivors (2048K)
 Metaspace       used 26813K, committed 27584K, reserved 1073152K
  class space    used 3325K, committed 3648K, reserved 1048576K
}
Event: 3.182 GC heap before
{Heap before GC invocations=10 (full 0):
 garbage-first heap   total 409600K, used 314621K [0x0000000702800000, 0x0000000800000000)
  region size 2048K, 120 young (245760K), 1 survivors (2048K)
 Metaspace       used 27195K, committed 27968K, reserved 1073152K
  class space    used 3375K, committed 3712K, reserved 1048576K
}
Event: 3.183 GC heap after
{Heap after GC invocations=11 (full 0):
 garbage-first heap   total 409600K, used 72350K [0x0000000702800000, 0x0000000800000000)
  region size 2048K, 2 young (4096K), 2 survivors (4096K)
 Metaspace       used 27195K, committed 27968K, reserved 1073152K
  class space    used 3375K, committed 3712K, reserved 1048576K
}
Event: 3.528 GC heap before
{Heap before GC invocations=11 (full 0):
 garbage-first heap   total 409600K, used 326302K [0x0000000702800000, 0x0000000800000000)
  region size 2048K, 120 young (245760K), 2 survivors (4096K)
 Metaspace       used 31090K, committed 31936K, reserved 1081344K
  class space    used 3913K, committed 4288K, reserved 1048576K
}
Event: 3.531 GC heap after
{Heap after GC invocations=12 (full 0):
 garbage-first heap   total 409600K, used 89053K [0x0000000702800000, 0x0000000800000000)
  region size 2048K, 4 young (8192K), 4 survivors (8192K)
 Metaspace       used 31090K, committed 31936K, reserved 1081344K
  class space    used 3913K, committed 4288K, reserved 1048576K
}
Event: 4.540 GC heap before
{Heap before GC invocations=12 (full 0):
 garbage-first heap   total 409600K, used 220125K [0x0000000702800000, 0x0000000800000000)
  region size 2048K, 69 young (141312K), 4 survivors (8192K)
 Metaspace       used 35220K, committed 36096K, reserved 1081344K
  class space    used 4395K, committed 4800K, reserved 1048576K
}
Event: 4.543 GC heap after
{Heap after GC invocations=13 (full 0):
 garbage-first heap   total 409600K, used 91588K [0x0000000702800000, 0x0000000800000000)
  region size 2048K, 5 young (10240K), 5 survivors (10240K)
 Metaspace       used 35220K, committed 36096K, reserved 1081344K
  class space    used 4395K, committed 4800K, reserved 1048576K
}
Event: 5.228 GC heap before
{Heap before GC invocations=14 (full 0):
 garbage-first heap   total 321536K, used 273860K [0x0000000702800000, 0x0000000800000000)
  region size 2048K, 94 young (192512K), 5 survivors (10240K)
 Metaspace       used 41413K, committed 42368K, reserved 1089536K
  class space    used 5502K, committed 5952K, reserved 1048576K
}
Event: 5.238 GC heap after
{Heap after GC invocations=15 (full 0):
 garbage-first heap   total 321536K, used 104939K [0x0000000702800000, 0x0000000800000000)
  region size 2048K, 12 young (24576K), 12 survivors (24576K)
 Metaspace       used 41413K, committed 42368K, reserved 1089536K
  class space    used 5502K, committed 5952K, reserved 1048576K
}
Event: 5.493 GC heap before
{Heap before GC invocations=15 (full 0):
 garbage-first heap   total 321536K, used 258539K [0x0000000702800000, 0x0000000800000000)
  region size 2048K, 87 young (178176K), 12 survivors (24576K)
 Metaspace       used 41918K, committed 42880K, reserved 1089536K
  class space    used 5585K, committed 6016K, reserved 1048576K
}
Event: 5.509 GC heap after
{Heap after GC invocations=16 (full 0):
 garbage-first heap   total 321536K, used 121406K [0x0000000702800000, 0x0000000800000000)
  region size 2048K, 9 young (18432K), 9 survivors (18432K)
 Metaspace       used 41918K, committed 42880K, reserved 1089536K
  class space    used 5585K, committed 6016K, reserved 1048576K
}
Event: 5.870 GC heap before
{Heap before GC invocations=16 (full 0):
 garbage-first heap   total 321536K, used 252478K [0x0000000702800000, 0x0000000800000000)
  region size 2048K, 74 young (151552K), 9 survivors (18432K)
 Metaspace       used 46375K, committed 47360K, reserved 1097728K
  class space    used 6280K, committed 6720K, reserved 1048576K
}
Event: 5.879 GC heap after
{Heap after GC invocations=17 (full 0):
 garbage-first heap   total 321536K, used 135520K [0x0000000702800000, 0x0000000800000000)
  region size 2048K, 8 young (16384K), 8 survivors (16384K)
 Metaspace       used 46375K, committed 47360K, reserved 1097728K
  class space    used 6280K, committed 6720K, reserved 1048576K
}
Event: 6.454 GC heap before
{Heap before GC invocations=17 (full 0):
 garbage-first heap   total 321536K, used 254304K [0x0000000702800000, 0x0000000800000000)
  region size 2048K, 66 young (135168K), 8 survivors (16384K)
 Metaspace       used 53876K, committed 54912K, reserved 1097728K
  class space    used 7931K, committed 8384K, reserved 1048576K
}
Event: 6.464 GC heap after
{Heap after GC invocations=18 (full 0):
 garbage-first heap   total 401408K, used 150980K [0x0000000702800000, 0x0000000800000000)
  region size 2048K, 9 young (18432K), 9 survivors (18432K)
 Metaspace       used 53876K, committed 54912K, reserved 1097728K
  class space    used 7931K, committed 8384K, reserved 1048576K
}
Event: 7.024 GC heap before
{Heap before GC invocations=18 (full 0):
 garbage-first heap   total 401408K, used 265668K [0x0000000702800000, 0x0000000800000000)
  region size 2048K, 66 young (135168K), 9 survivors (18432K)
 Metaspace       used 59271K, committed 60416K, reserved 1105920K
  class space    used 8948K, committed 9408K, reserved 1048576K
}
Event: 7.031 GC heap after
{Heap after GC invocations=19 (full 0):
 garbage-first heap   total 401408K, used 159417K [0x0000000702800000, 0x0000000800000000)
  region size 2048K, 4 young (8192K), 4 survivors (8192K)
 Metaspace       used 59271K, committed 60416K, reserved 1105920K
  class space    used 8948K, committed 9408K, reserved 1048576K
}

Dll operation events (11 events):
Event: 0.009 Loaded shared library C:\Program Files\Pylo\MCreator\jdk\bin\java.dll
Event: 0.016 Loaded shared library C:\Program Files\Pylo\MCreator\jdk\bin\jsvml.dll
Event: 0.088 Loaded shared library C:\Program Files\Pylo\MCreator\jdk\bin\net.dll
Event: 0.089 Loaded shared library C:\Program Files\Pylo\MCreator\jdk\bin\nio.dll
Event: 0.091 Loaded shared library C:\Program Files\Pylo\MCreator\jdk\bin\zip.dll
Event: 0.135 Loaded shared library C:\Program Files\Pylo\MCreator\jdk\bin\jimage.dll
Event: 0.350 Loaded shared library C:\Program Files\Pylo\MCreator\jdk\bin\verify.dll
Event: 1.559 Loaded shared library C:\Program Files\Pylo\MCreator\jdk\bin\management.dll
Event: 1.561 Loaded shared library C:\Program Files\Pylo\MCreator\jdk\bin\management_ext.dll
Event: 3.381 Loaded shared library C:\Users\Alex\AppData\Local\Temp\jna-2043454\jna5968496034482790471.dll
Event: 7.288 Loaded shared library C:\Users\Alex\AppData\Local\Temp\lwjglAlex\3.3.1-build-7\lwjgl.dll

Deoptimization events (20 events):
Event: 7.731 Thread 0x000001ea15b72800 Uncommon trap: trap_request=0xffffffde fr.pc=0x000001ea25344768 relative=0x0000000000000248
Event: 7.731 Thread 0x000001ea15b72800 Uncommon trap: reason=class_check action=maybe_recompile pc=0x000001ea25344768 method=java.util.regex.Matcher.match(II)Z @ 121 c2
Event: 7.731 Thread 0x000001ea15b72800 DEOPT PACKING pc=0x000001ea25344768 sp=0x000000b54f7fc4e0
Event: 7.731 Thread 0x000001ea15b72800 DEOPT UNPACKING pc=0x000001ea1d675ba3 sp=0x000000b54f7fc458 mode 2
Event: 7.731 Thread 0x000001ea15b72800 Uncommon trap: trap_request=0xffffffde fr.pc=0x000001ea25344768 relative=0x0000000000000248
Event: 7.731 Thread 0x000001ea15b72800 Uncommon trap: reason=class_check action=maybe_recompile pc=0x000001ea25344768 method=java.util.regex.Matcher.match(II)Z @ 121 c2
Event: 7.731 Thread 0x000001ea15b72800 DEOPT PACKING pc=0x000001ea25344768 sp=0x000000b54f7fc4e0
Event: 7.731 Thread 0x000001ea15b72800 DEOPT UNPACKING pc=0x000001ea1d675ba3 sp=0x000000b54f7fc458 mode 2
Event: 7.735 Thread 0x000001ea15b72800 Uncommon trap: trap_request=0xffffff45 fr.pc=0x000001ea253ca658 relative=0x00000000000002f8
Event: 7.735 Thread 0x000001ea15b72800 Uncommon trap: reason=unstable_if action=reinterpret pc=0x000001ea253ca658 method=com.google.gson.stream.JsonReader.doPeek()I @ 315 c2
Event: 7.735 Thread 0x000001ea15b72800 DEOPT PACKING pc=0x000001ea253ca658 sp=0x000000b54f7fda40
Event: 7.735 Thread 0x000001ea15b72800 DEOPT UNPACKING pc=0x000001ea1d675ba3 sp=0x000000b54f7fd9c8 mode 2
Event: 7.735 Thread 0x000001ea15b72800 Uncommon trap: trap_request=0xffffff45 fr.pc=0x000001ea25279940 relative=0x00000000000000a0
Event: 7.735 Thread 0x000001ea15b72800 Uncommon trap: reason=unstable_if action=reinterpret pc=0x000001ea25279940 method=com.google.gson.stream.JsonReader.peek()Lcom/google/gson/stream/JsonToken; @ 15 c2
Event: 7.735 Thread 0x000001ea15b72800 DEOPT PACKING pc=0x000001ea25279940 sp=0x000000b54f7fda80
Event: 7.735 Thread 0x000001ea15b72800 DEOPT UNPACKING pc=0x000001ea1d675ba3 sp=0x000000b54f7fda18 mode 2
Event: 7.749 Thread 0x000001ea15b72800 Uncommon trap: trap_request=0xffffff45 fr.pc=0x000001ea254d76d4 relative=0x0000000000000dd4
Event: 7.749 Thread 0x000001ea15b72800 Uncommon trap: reason=unstable_if action=reinterpret pc=0x000001ea254d76d4 method=cpw.mods.niofs.union.UnionFileSystem.getPath(Ljava/lang/String;[Ljava/lang/String;)Ljava/nio/file/Path; @ 2 c2
Event: 7.749 Thread 0x000001ea15b72800 DEOPT PACKING pc=0x000001ea254d76d4 sp=0x000000b54f7faa80
Event: 7.749 Thread 0x000001ea15b72800 DEOPT UNPACKING pc=0x000001ea1d675ba3 sp=0x000000b54f7faa70 mode 2

Classes unloaded (0 events):
No events

Classes redefined (0 events):
No events

Internal exceptions (20 events):
Event: 7.381 Thread 0x000001ea15b72800 Exception <a 'sun/nio/fs/WindowsException'{0x00000007170c1688}> (0x00000007170c1688) 
thrown [s\src\hotspot\share\prims\jni.cpp, line 516]
Event: 7.488 Thread 0x000001ea15b72800 Exception <a 'java/lang/NoSuchMethodError'{0x00000007160cc280}: 'int java.lang.invoke.DirectMethodHandle$Holder.invokeStatic(java.lang.Object)'> (0x00000007160cc280) 
thrown [s\src\hotspot\share\interpreter\linkResolver.cpp, line 759]
Event: 7.510 Thread 0x000001ea15b72800 Exception <a 'java/lang/NoSuchMethodError'{0x0000000715cf0fd8}: 'java.lang.Object java.lang.invoke.Invokers$Holder.linkToTargetMethod(java.lang.Object, int, java.lang.Object, java.lang.Object)'> (0x0000000715cf0fd8) 
thrown [s\src\hotspot\share\interpreter\linkResolver.cpp, line 759]
Event: 7.515 Thread 0x000001ea15b72800 Exception <a 'java/lang/NoSuchMethodError'{0x0000000715da3aa8}: 'int java.lang.invoke.DirectMethodHandle$Holder.invokeStaticInit(java.lang.Object)'> (0x0000000715da3aa8) 
thrown [s\src\hotspot\share\interpreter\linkResolver.cpp, line 759]
Event: 7.516 Thread 0x000001ea15b72800 Exception <a 'java/lang/NoSuchMethodError'{0x0000000715daae90}: 'int java.lang.invoke.Invokers$Holder.invokeExact_MT(java.lang.Object, java.lang.Object)'> (0x0000000715daae90) 
thrown [s\src\hotspot\share\interpreter\linkResolver.cpp, line 759]
Event: 7.522 Thread 0x000001ea15b72800 Exception <a 'sun/nio/fs/WindowsException'{0x0000000715ac9128}> (0x0000000715ac9128) 
thrown [s\src\hotspot\share\prims\jni.cpp, line 516]
Event: 7.522 Thread 0x000001ea15b72800 Exception <a 'sun/nio/fs/WindowsException'{0x0000000715ac9488}> (0x0000000715ac9488) 
thrown [s\src\hotspot\share\prims\jni.cpp, line 516]
Event: 7.526 Thread 0x000001ea15b72800 Exception <a 'java/lang/NoSuchMethodError'{0x0000000715b593a0}: 'java.lang.Object java.lang.invoke.DirectMethodHandle$Holder.invokeInterface(java.lang.Object, java.lang.Object, double)'> (0x0000000715b593a0) 
thrown [s\src\hotspot\share\interpreter\linkResolver.cpp, line 759]
Event: 7.527 Thread 0x000001ea15b72800 Exception <a 'java/lang/NoSuchMethodError'{0x0000000715b5fc00}: 'double java.lang.invoke.DirectMethodHandle$Holder.invokeInterface(java.lang.Object, java.lang.Object, java.lang.Object)'> (0x0000000715b5fc00) 
thrown [s\src\hotspot\share\interpreter\linkResolver.cpp, line 759]
Event: 7.631 Thread 0x000001ea15b72800 Exception <a 'java/lang/NoSuchMethodError'{0x0000000714ea95c8}: 'java.lang.Object java.lang.invoke.DirectMethodHandle$Holder.newInvokeSpecial(java.lang.Object, java.lang.Object, java.lang.Object, java.lang.Object, java.lang.Object, java.lang.Object, java.lang.Object, java.lang.Object, java.lang.Object, java.lang.Object)'> (0x0000000714ea95c8) 
thrown [s\src\hotspot\share\interpreter\linkResolver.cpp, line 759]
Event: 7.631 Thread 0x000001ea15b72800 Exception <a 'java/lang/NoSuchMethodError'{0x0000000714eadb90}: 'java.lang.Object java.lang.invoke.Invokers$Holder.linkToTargetMethod(java.lang.Object, java.lang.Object, java.lang.Object, java.lang.Object, java.lang.Object, java.lang.Object, java.lang.Object, java.lang.Object, java.lang.Object, java.lang.Object)'> (0x0000000714eadb90) 
thrown [s\src\hotspot\share\interpreter\linkResolver.cpp, line 759]
Event: 7.679 Thread 0x000001ea15b72800 Exception <a 'java/lang/NoSuchMethodError'{0x000000071481ff20}: 'java.lang.Object java.lang.invoke.Invokers$Holder.linkToTargetMethod(java.lang.Object, java.lang.Object, java.lang.Object, java.lang.Object, java.lang.Object, java.lang.Object, java.lang.Object, java.lang.Object, java.lang.Object)'> (0x000000071481ff20) 
thrown [s\src\hotspot\share\interpreter\linkResolver.cpp, line 759]
Event: 7.718 Thread 0x000001ea15b72800 Exception <a 'java/lang/NoSuchMethodError'{0x00000007144ecad0}: 'java.lang.Object java.lang.invoke.DirectMethodHandle$Holder.invokeSpecial(java.lang.Object, java.lang.Object, java.lang.Object, java.lang.Object, java.lang.Object, int, java.lang.Object)'> (0x00000007144ecad0) 
thrown [s\src\hotspot\share\interpreter\linkResolver.cpp, line 759]
Event: 7.718 Thread 0x000001ea15b72800 Exception <a 'java/lang/NoSuchMethodError'{0x00000007144f5170}: 'java.lang.Object java.lang.invoke.DirectMethodHandle$Holder.invokeSpecial(java.lang.Object, java.lang.Object, java.lang.Object, java.lang.Object, java.lang.Object, java.lang.Object, int)'> (0x00000007144f5170) 
thrown [s\src\hotspot\share\interpreter\linkResolver.cpp, line 759]
Event: 7.718 Thread 0x000001ea15b72800 Exception <a 'java/lang/NoSuchMethodError'{0x00000007144f8a50}: 'java.lang.Object java.lang.invoke.Invokers$Holder.linkToTargetMethod(java.lang.Object, java.lang.Object, java.lang.Object, java.lang.Object, int, java.lang.Object)'> (0x00000007144f8a50) 
thrown [s\src\hotspot\share\interpreter\linkResolver.cpp, line 759]
Event: 7.730 Thread 0x000001ea15b72800 Implicit null exception at 0x000001ea255cf46c to 0x000001ea255cfc34
Event: 7.771 Thread 0x000001ea15b72800 Exception <a 'java/lang/NoSuchMethodError'{0x0000000713e79660}: 'long java.lang.invoke.DirectMethodHandle$Holder.invokeInterface(java.lang.Object, java.lang.Object)'> (0x0000000713e79660) 
thrown [s\src\hotspot\share\interpreter\linkResolver.cpp, line 759]
Event: 7.773 Thread 0x000001ea15b72800 Exception <a 'java/lang/NoSuchMethodError'{0x0000000713ee4ff0}: 'java.lang.Object java.lang.invoke.DirectMethodHandle$Holder.newInvokeSpecial(java.lang.Object, long)'> (0x0000000713ee4ff0) 
thrown [s\src\hotspot\share\interpreter\linkResolver.cpp, line 759]
Event: 7.783 Thread 0x000001ea15b72800 Exception <a 'java/lang/NoSuchMethodError'{0x0000000713f9d208}: 'void java.lang.invoke.DirectMethodHandle$Holder.invokeSpecial(java.lang.Object, java.lang.Object, int, long)'> (0x0000000713f9d208) 
thrown [s\src\hotspot\share\interpreter\linkResolver.cpp, line 759]
Event: 7.783 Thread 0x000001ea15b72800 Exception <a 'java/lang/NoSuchMethodError'{0x0000000713fa3760}: 'void java.lang.invoke.DirectMethodHandle$Holder.invokeStatic(java.lang.Object, int, long)'> (0x0000000713fa3760) 
thrown [s\src\hotspot\share\interpreter\linkResolver.cpp, line 759]

VM Operations (20 events):
Event: 6.808 Executing VM operation: ICBufferFull
Event: 6.808 Executing VM operation: ICBufferFull done
Event: 6.984 Executing VM operation: HandshakeAllThreads
Event: 6.984 Executing VM operation: HandshakeAllThreads done
Event: 6.997 Executing VM operation: HandshakeAllThreads
Event: 6.997 Executing VM operation: HandshakeAllThreads done
Event: 7.024 Executing VM operation: CollectForMetadataAllocation
Event: 7.031 Executing VM operation: CollectForMetadataAllocation done
Event: 7.033 Executing VM operation: HandshakeAllThreads
Event: 7.033 Executing VM operation: HandshakeAllThreads done
Event: 7.056 Executing VM operation: CollectForMetadataAllocation
Event: 7.056 Executing VM operation: CollectForMetadataAllocation done
Event: 7.077 Executing VM operation: G1Concurrent
Event: 7.079 Executing VM operation: G1Concurrent done
Event: 7.101 Executing VM operation: G1Concurrent
Event: 7.102 Executing VM operation: G1Concurrent done
Event: 7.659 Executing VM operation: ICBufferFull
Event: 7.659 Executing VM operation: ICBufferFull done
Event: 7.717 Executing VM operation: HandshakeAllThreads
Event: 7.717 Executing VM operation: HandshakeAllThreads done

Events (20 events):
Event: 7.289 loading class java/nio/DirectFloatBufferU
Event: 7.289 loading class java/nio/DirectFloatBufferU done
Event: 7.289 loading class java/nio/DirectDoubleBufferU
Event: 7.289 loading class java/nio/DirectDoubleBufferU done
Event: 7.301 loading class java/nio/InvalidMarkException
Event: 7.301 loading class java/nio/InvalidMarkException done
Event: 7.301 loading class java/nio/BufferUnderflowException
Event: 7.301 loading class java/nio/BufferUnderflowException done
Event: 7.383 loading class java/util/function/IntSupplier
Event: 7.383 loading class java/util/function/IntSupplier done
Event: 7.421 loading class java/io/CharArrayWriter
Event: 7.421 loading class java/io/CharArrayWriter done
Event: 7.515 loading class java/lang/invoke/DirectMethodHandle$StaticAccessor
Event: 7.516 loading class java/lang/invoke/DirectMethodHandle$StaticAccessor done
Event: 7.525 loading class java/util/function/DoubleFunction
Event: 7.525 loading class java/util/function/DoubleFunction done
Event: 7.739 loading class java/util/EnumMap$Values
Event: 7.739 loading class java/util/EnumMap$Values done
Event: 7.739 loading class java/util/EnumMap$ValueIterator
Event: 7.739 loading class java/util/EnumMap$ValueIterator done


Dynamic libraries:
0x00007ff662740000 - 0x00007ff66274e000 	C:\Program Files\Pylo\MCreator\jdk\bin\java.exe
0x00007ffa614f0000 - 0x00007ffa61704000 	C:\WINDOWS\SYSTEM32\ntdll.dll
0x00007ffa61060000 - 0x00007ffa61122000 	C:\WINDOWS\System32\KERNEL32.DLL
0x00007ffa5eab0000 - 0x00007ffa5ee53000 	C:\WINDOWS\System32\KERNELBASE.dll
0x00007ffa5bd30000 - 0x00007ffa5bdc7000 	C:\WINDOWS\SYSTEM32\apphelp.dll
0x00007ffa5f030000 - 0x00007ffa5f141000 	C:\WINDOWS\System32\ucrtbase.dll
0x00007ffa29180000 - 0x00007ffa29197000 	C:\Program Files\Pylo\MCreator\jdk\bin\jli.dll
0x00007ffa25a00000 - 0x00007ffa25a19000 	C:\Program Files\Pylo\MCreator\jdk\bin\VCRUNTIME140.dll
0x00007ffa60620000 - 0x00007ffa607cb000 	C:\WINDOWS\System32\USER32.dll
0x00007ffa5e910000 - 0x00007ffa5e936000 	C:\WINDOWS\System32\win32u.dll
0x00007ffa47110000 - 0x00007ffa4739e000 	C:\WINDOWS\WinSxS\amd64_microsoft.windows.common-controls_6595b64144ccf1df_6.0.22621.1635_none_270f70857386168e\COMCTL32.dll
0x00007ffa61480000 - 0x00007ffa614a9000 	C:\WINDOWS\System32\GDI32.dll
0x00007ffa61130000 - 0x00007ffa611d7000 	C:\WINDOWS\System32\msvcrt.dll
0x00007ffa5f150000 - 0x00007ffa5f268000 	C:\WINDOWS\System32\gdi32full.dll
0x00007ffa5ef90000 - 0x00007ffa5f02a000 	C:\WINDOWS\System32\msvcp_win.dll
0x00007ffa60420000 - 0x00007ffa60451000 	C:\WINDOWS\System32\IMM32.DLL
0x00007ffa5bcc0000 - 0x00007ffa5bccc000 	C:\Program Files\Pylo\MCreator\jdk\bin\vcruntime140_1.dll
0x00007ff9c53d0000 - 0x00007ff9c5461000 	C:\Program Files\Pylo\MCreator\jdk\bin\msvcp140.dll
0x00007ff96f770000 - 0x00007ff9703b4000 	C:\Program Files\Pylo\MCreator\jdk\bin\server\jvm.dll
0x00007ffa60fb0000 - 0x00007ffa6105e000 	C:\WINDOWS\System32\ADVAPI32.dll
0x00007ffa613c0000 - 0x00007ffa61464000 	C:\WINDOWS\System32\sechost.dll
0x00007ffa60e80000 - 0x00007ffa60f97000 	C:\WINDOWS\System32\RPCRT4.dll
0x00007ffa560a0000 - 0x00007ffa560aa000 	C:\WINDOWS\SYSTEM32\VERSION.dll
0x00007ffa435b0000 - 0x00007ffa435b9000 	C:\WINDOWS\SYSTEM32\WSOCK32.dll
0x00007ffa57e90000 - 0x00007ffa57ec4000 	C:\WINDOWS\SYSTEM32\WINMM.dll
0x00007ffa607d0000 - 0x00007ffa60841000 	C:\WINDOWS\System32\WS2_32.dll
0x00007ffa5d960000 - 0x00007ffa5d978000 	C:\WINDOWS\SYSTEM32\kernel.appcore.dll
0x00007ffa43530000 - 0x00007ffa4353a000 	C:\Program Files\Pylo\MCreator\jdk\bin\jimage.dll
0x00007ffa572b0000 - 0x00007ffa574de000 	C:\WINDOWS\SYSTEM32\DBGHELP.DLL
0x00007ffa5fcd0000 - 0x00007ffa60059000 	C:\WINDOWS\System32\combase.dll
0x00007ffa612e0000 - 0x00007ffa613b7000 	C:\WINDOWS\System32\OLEAUT32.dll
0x00007ffa2fc00000 - 0x00007ffa2fc32000 	C:\WINDOWS\SYSTEM32\dbgcore.DLL
0x00007ffa5f270000 - 0x00007ffa5f2eb000 	C:\WINDOWS\System32\bcryptPrimitives.dll
0x00007ffa24190000 - 0x00007ffa241b5000 	C:\Program Files\Pylo\MCreator\jdk\bin\java.dll
0x00007ff993cb0000 - 0x00007ff993d86000 	C:\Program Files\Pylo\MCreator\jdk\bin\jsvml.dll
0x00007ffa5f2f0000 - 0x00007ffa5faea000 	C:\WINDOWS\System32\SHELL32.dll
0x00007ffa5c910000 - 0x00007ffa5d1de000 	C:\WINDOWS\SYSTEM32\windows.storage.dll
0x00007ffa5c7d0000 - 0x00007ffa5c90e000 	C:\WINDOWS\SYSTEM32\wintypes.dll
0x00007ffa5fbd0000 - 0x00007ffa5fcc1000 	C:\WINDOWS\System32\SHCORE.dll
0x00007ffa5faf0000 - 0x00007ffa5fb4e000 	C:\WINDOWS\System32\shlwapi.dll
0x00007ffa5e840000 - 0x00007ffa5e861000 	C:\WINDOWS\SYSTEM32\profapi.dll
0x00007ffa252d0000 - 0x00007ffa252e9000 	C:\Program Files\Pylo\MCreator\jdk\bin\net.dll
0x00007ffa57ed0000 - 0x00007ffa58007000 	C:\WINDOWS\SYSTEM32\WINHTTP.dll
0x00007ffa5ddd0000 - 0x00007ffa5de39000 	C:\WINDOWS\system32\mswsock.dll
0x00007ffa23db0000 - 0x00007ffa23dc5000 	C:\Program Files\Pylo\MCreator\jdk\bin\nio.dll
0x00007ffa23c80000 - 0x00007ffa23c98000 	C:\Program Files\Pylo\MCreator\jdk\bin\zip.dll
0x00007ffa337a0000 - 0x00007ffa337b0000 	C:\Program Files\Pylo\MCreator\jdk\bin\verify.dll
0x00007ffa3e560000 - 0x00007ffa3e569000 	C:\Program Files\Pylo\MCreator\jdk\bin\management.dll
0x00007ffa3ca20000 - 0x00007ffa3ca2b000 	C:\Program Files\Pylo\MCreator\jdk\bin\management_ext.dll
0x00007ffa60fa0000 - 0x00007ffa60fa8000 	C:\WINDOWS\System32\PSAPI.DLL
0x00007ff9f5eb0000 - 0x00007ff9f5ec7000 	C:\WINDOWS\system32\napinsp.dll
0x00007ff9f5e90000 - 0x00007ff9f5eab000 	C:\WINDOWS\system32\pnrpnsp.dll
0x00007ffa5d4b0000 - 0x00007ffa5d5a3000 	C:\WINDOWS\SYSTEM32\DNSAPI.dll
0x00007ffa5d480000 - 0x00007ffa5d4ad000 	C:\WINDOWS\SYSTEM32\IPHLPAPI.DLL
0x00007ffa60410000 - 0x00007ffa60419000 	C:\WINDOWS\System32\NSI.dll
0x00007ff9f5e70000 - 0x00007ff9f5e81000 	C:\WINDOWS\System32\winrnr.dll
0x00007ffa46e10000 - 0x00007ffa46e25000 	C:\WINDOWS\system32\wshbth.dll
0x00007ff9f53a0000 - 0x00007ff9f53c1000 	C:\WINDOWS\system32\nlansp_c.dll
0x00007ffa56010000 - 0x00007ffa5601a000 	C:\Windows\System32\rasadhlp.dll
0x00007ffa571e0000 - 0x00007ffa57264000 	C:\WINDOWS\System32\fwpuclnt.dll
0x00007ffa5e030000 - 0x00007ffa5e04b000 	C:\WINDOWS\SYSTEM32\CRYPTSP.dll
0x00007ffa5d8d0000 - 0x00007ffa5d905000 	C:\WINDOWS\system32\rsaenh.dll
0x00007ffa5ded0000 - 0x00007ffa5def8000 	C:\WINDOWS\SYSTEM32\USERENV.dll
0x00007ffa5e1d0000 - 0x00007ffa5e1f8000 	C:\WINDOWS\SYSTEM32\bcrypt.dll
0x00007ffa5e050000 - 0x00007ffa5e05c000 	C:\WINDOWS\SYSTEM32\CRYPTBASE.dll
0x00007ffa57cc0000 - 0x00007ffa57cd9000 	C:\WINDOWS\SYSTEM32\dhcpcsvc6.DLL
0x00007ffa57ca0000 - 0x00007ffa57cbf000 	C:\WINDOWS\SYSTEM32\dhcpcsvc.DLL
0x00007ffa30df0000 - 0x00007ffa30e35000 	C:\Users\Alex\AppData\Local\Temp\jna-2043454\jna5968496034482790471.dll
0x00007ffa600c0000 - 0x00007ffa6025c000 	C:\WINDOWS\System32\Ole32.dll
0x00007ffa61230000 - 0x00007ffa612e0000 	C:\WINDOWS\System32\clbcatq.dll
0x00007ffa4dd40000 - 0x00007ffa4dd5d000 	C:\WINDOWS\SYSTEM32\amsi.dll
0x00007ffa4dcc0000 - 0x00007ffa4dd3b000 	C:\ProgramData\Microsoft\Windows Defender\Platform\4.18.2304.8-0\MpOav.dll
0x00007ff9f6390000 - 0x00007ff9f63e0000 	C:\WINDOWS\SYSTEM32\Pdh.dll
0x00007ff9f5770000 - 0x00007ff9f5780000 	C:\WINDOWS\System32\perfos.dll
0x00007ffa5bf10000 - 0x00007ffa5bf20000 	C:\WINDOWS\SYSTEM32\pfclient.dll
0x00007ffa25a50000 - 0x00007ffa25ac5000 	C:\Users\Alex\AppData\Local\Temp\lwjglAlex\3.3.1-build-7\lwjgl.dll
0x00007ffa189b0000 - 0x00007ffa18c09000 	C:\Users\Alex\AppData\Local\Temp\lwjglAlex\3.3.1-build-7\jemalloc.dll
0x00007ffa2fcd0000 - 0x00007ffa2fd31000 	C:\Users\Alex\AppData\Local\Temp\lwjglAlex\3.3.1-build-7\glfw.dll
0x00007ffa25410000 - 0x00007ffa25456000 	C:\WINDOWS\SYSTEM32\dinput8.dll
0x00007ffa4d240000 - 0x00007ffa4d251000 	C:\WINDOWS\SYSTEM32\xinput1_4.dll
0x00007ffa5e510000 - 0x00007ffa5e55e000 	C:\WINDOWS\SYSTEM32\cfgmgr32.dll
0x00007ffa5e4e0000 - 0x00007ffa5e50c000 	C:\WINDOWS\SYSTEM32\DEVOBJ.dll
0x00007ffa48c50000 - 0x00007ffa48e51000 	C:\WINDOWS\SYSTEM32\inputhost.dll
0x00007ffa5b940000 - 0x00007ffa5ba73000 	C:\WINDOWS\SYSTEM32\CoreMessaging.dll
0x00007ffa5c350000 - 0x00007ffa5c37b000 	C:\WINDOWS\SYSTEM32\dwmapi.dll
0x00007ffa5bf40000 - 0x00007ffa5bfeb000 	C:\WINDOWS\system32\uxtheme.dll
0x00007ffa608e0000 - 0x00007ffa609fe000 	C:\WINDOWS\System32\MSCTF.dll
0x00007ff9f6440000 - 0x00007ff9f6540000 	C:\WINDOWS\SYSTEM32\opengl32.dll
0x00007ff9f6410000 - 0x00007ff9f643d000 	C:\WINDOWS\SYSTEM32\GLU32.dll
0x00007ffa5c020000 - 0x00007ffa5c056000 	C:\WINDOWS\SYSTEM32\dxcore.dll
0x00007ff9f63e0000 - 0x00007ff9f640d000 	C:\WINDOWS\System32\DriverStore\FileRepository\u0390451.inf_amd64_39377efdd62734d1\B390182\atig6pxx.dll
0x00007ff9d8bc0000 - 0x00007ff9dc7f5000 	C:\WINDOWS\System32\DriverStore\FileRepository\u0390451.inf_amd64_39377efdd62734d1\B390182\atio6axx.dll
0x00007ffa60a00000 - 0x00007ffa60e74000 	C:\WINDOWS\System32\SETUPAPI.dll
0x00007ffa5ef20000 - 0x00007ffa5ef8b000 	C:\WINDOWS\System32\WINTRUST.dll
0x00007ffa5e940000 - 0x00007ffa5eaa7000 	C:\WINDOWS\System32\CRYPT32.dll
0x00007ffa5e4c0000 - 0x00007ffa5e4d2000 	C:\WINDOWS\SYSTEM32\MSASN1.dll

dbghelp: loaded successfully - version: 4.0.5 - missing functions: none
symbol engine: initialized successfully - sym options: 0x614 - pdb path: .;C:\Program Files\Pylo\MCreator\jdk\bin;C:\WINDOWS\SYSTEM32;C:\WINDOWS\WinSxS\amd64_microsoft.windows.common-controls_6595b64144ccf1df_6.0.22621.1635_none_270f70857386168e;C:\Program Files\Pylo\MCreator\jdk\bin\server;C:\Users\Alex\AppData\Local\Temp\jna-2043454;C:\ProgramData\Microsoft\Windows Defender\Platform\4.18.2304.8-0;C:\Users\Alex\AppData\Local\Temp\lwjglAlex\3.3.1-build-7;C:\WINDOWS\System32\DriverStore\FileRepository\u0390451.inf_amd64_39377efdd62734d1\B390182

VM Arguments:
jvm_args: -Dforge.enableGameTest=true -Dforge.logging.console.level=debug -Dforge.logging.markers=REGISTRIES -DignoreList=bootstraplauncher,securejarhandler,asm-commons,asm-util,asm-analysis,asm-tree,asm,JarJarFileSystems,client-extra,fmlcore,javafmllanguage,lowcodelanguage,mclanguage,forge- -Djava.net.preferIPv6Addresses=system -DlegacyClassPath.file=C:\Users\Alex\MCreatorWorkspaces\frostcore\build\classpath\runClient_minecraftClasspath.txt -DmergeModules=jna-5.10.0.jar,jna-platform-5.10.0.jar -Dos.version=10.0 --module-path=C:\Users\Alex\.mcreator\gradle\caches\modules-2\files-2.1\cpw.mods\bootstraplauncher\1.1.2\c546e00443d8432cda6baa1c860346980742628\bootstraplauncher-1.1.2.jar;C:\Users\Alex\.mcreator\gradle\caches\modules-2\files-2.1\cpw.mods\securejarhandler\2.1.4\f47e3b9dd860a7b82154b8f90a650ffd0aaa5582\securejarhandler-2.1.4.jar;C:\Users\Alex\.mcreator\gradle\caches\modules-2\files-2.1\org.ow2.asm\asm-commons\9.3\1f2a432d1212f5c352ae607d7b61dcae20c20af5\asm-commons-9.3.jar;C:\Users\Alex\.mcreator\gradle\caches\modules-2\files-2.1\org.ow2.asm\asm-util\9.3\9595bc05510d0bd4b610188b77333fe4851a1975\asm-util-9.3.jar;C:\Users\Alex\.mcreator\gradle\caches\modules-2\files-2.1\org.ow2.asm\asm-analysis\9.3\4b071f211b37c38e0e9f5998550197c8593f6ad8\asm-analysis-9.3.jar;C:\Users\Alex\.mcreator\gradle\caches\modules-2\files-2.1\org.ow2.asm\asm-tree\9.3\78d2ecd61318b5a58cd04fb237636c0e86b77d97\asm-tree-9.3.jar;C:\Users\Alex\.mcreator\gradle\caches\modules-2\files-2.1\org.ow2.asm\asm\9.3\8e6300ef51c1d801a7ed62d07cd221aca3a90640\asm-9.3.jar;C:\Users\Alex\.mcreator\gradle\caches\modules-2\files-2.1\net.minecraftforge\JarJarFileSystems\0.3.16\e52afbb2599dc7c6f779efea0496d32fc01152e3\JarJarFileSystems-0.3.16.jar --add-modules=ALL-MODULE-PATH --add-opens=java.base/java.util.jar=cpw.mods.securejarhandler --add-opens=java.base/java.lang.invoke=cpw.mods.securejarhandler --add-exports=java.base/sun.security.util=cpw.mods.securejarhandler --add-exports=jdk.naming.dns/com.sun.jndi.dns=java.naming -XX:HeapDumpPath=MojangTricksIntelDriversForPerformance_javaw.exe_minecraft.exe.heapdump -Dos.name=Windows 10 -Dfile.encoding=UTF-8 -Duser.country=US -Duser.language=en -Duser.variant 
java_command: cpw.mods.bootstraplauncher.BootstrapLauncher --launchTarget forgeclientuserdev --version MOD_DEV --assetIndex 1.19 --assetsDir C:\Users\Alex\.mcreator\gradle\caches\forge_gradle\assets --gameDir . --fml.forgeVersion 43.2.0 --fml.mcVersion 1.19.2 --fml.forgeGroup net.minecraftforge --fml.mcpVersion 20220805.130853
java_class_path (initial): C:\Users\Alex\MCreatorWorkspaces\frostcore\build\classes\java\main;C:\Users\Alex\MCreatorWorkspaces\frostcore\build\resources\main;C:\Users\Alex\.mcreator\gradle\caches\forge_gradle\minecraft_user_repo\net\minecraftforge\forge\1.19.2-43.2.0_mapped_official_1.19.2\forge-1.19.2-43.2.0_mapped_official_1.19.2-recomp.jar;C:\Users\Alex\.mcreator\gradle\caches\forge_gradle\minecraft_repo\versions\1.19.2\client-extra.jar;C:\Users\Alex\.mcreator\gradle\caches\modules-2\files-2.1\net.minecraftforge\javafmllanguage\1.19.2-43.2.0\5713dfd49576886a7ffc353f14f067ad42369592\javafmllanguage-1.19.2-43.2.0.jar;C:\Users\Alex\.mcreator\gradle\caches\modules-2\files-2.1\net.minecraftforge\lowcodelanguage\1.19.2-43.2.0\51c88985dd125457fb8b6c2c58a4f3b9349a6b57\lowcodelanguage-1.19.2-43.2.0.jar;C:\Users\Alex\.mcreator\gradle\caches\modules-2\files-2.1\net.minecraftforge\mclanguage\1.19.2-43.2.0\f4fa83ef8129c7f7cc5847fbafb07f7ae86c1bb\mclanguage-1.19.2-43.2.0.jar;C:\Users\Alex\.mcreator\gradle\caches\modules-2\files-2.1\net.minecraftforge\fmlcore\1.19.2-43.2.0\d4dcb5b809b7f035ac22b058941cf81f84451545\fmlcore-1.19.2-43.2.0.jar;C:\Users\Alex\.mcreator\gradle\caches\modules-2\files-2.1\net.minecraftforge\fmlloader\1.19.2-43.2.0\3e6e8b7b5e1dbc6ee01a20f74675f223b64c7847\fmlloader-1.19.2-43.2.0.jar;C:\Users\Alex\.mcreator\gradle\caches\modules-2\files-2.1\net.minecraftforge\JarJarSelector\0.3.16\2a31421fb5e267249da103a644f23afb43d158af\JarJarSelector-0.3.16.jar;C:\Users\Alex\.mcreator\gradle\caches\modules-2\files-2.1\net.minecraftforge\JarJarMetadata\0.3.16\f62c8c898dffc8666f5097a8587ed72095e8e83a\JarJarMetadata-0.3.16.jar;C:\Users\Alex\.mcreator\gradle\caches\modules-2\files-2.1\com.google.guava\guava\31.0.1-jre\119ea2b2bc205b138974d351777b20f02b92704b\guava-31.0.1-jre.jar;C:\Users\Alex\.mcreator\gradle\caches\modules-2\files-2.1\com.google.code.findbugs\jsr305\3.0.2\25ea2e8b0c338a877313bd4672d3fe056ea78f0d\jsr305-3.0.2.jar;C:\Users\Alex\.mcreator\gradle\caches\modul
Launcher Type: SUN_STANDARD

[Global flags]
     intx CICompilerCount                          = 4                                         {product} {ergonomic}
     uint ConcGCThreads                            = 3                                         {product} {ergonomic}
     uint G1ConcRefinementThreads                  = 10                                        {product} {ergonomic}
   size_t G1HeapRegionSize                         = 2097152                                   {product} {ergonomic}
    uintx GCDrainStackTargetSize                   = 64                                        {product} {ergonomic}
    ccstr HeapDumpPath                             = MojangTricksIntelDriversForPerformance_javaw.exe_minecraft.exe.heapdump         {manageable} {command line}
   size_t InitialHeapSize                          = 266338304                                 {product} {ergonomic}
   size_t MarkStackSize                            = 4194304                                   {product} {ergonomic}
   size_t MaxHeapSize                              = 4253024256                                {product} {ergonomic}
   size_t MaxNewSize                               = 2550136832                                {product} {ergonomic}
   size_t MinHeapDeltaBytes                        = 2097152                                   {product} {ergonomic}
   size_t MinHeapSize                              = 8388608                                   {product} {ergonomic}
    uintx NonNMethodCodeHeapSize                   = 5839372                                {pd product} {ergonomic}
    uintx NonProfiledCodeHeapSize                  = 122909434                              {pd product} {ergonomic}
    uintx ProfiledCodeHeapSize                     = 122909434                              {pd product} {ergonomic}
    uintx ReservedCodeCacheSize                    = 251658240                              {pd product} {ergonomic}
     bool SegmentedCodeCache                       = true                                      {product} {ergonomic}
   size_t SoftMaxHeapSize                          = 4253024256                             {manageable} {ergonomic}
     bool UseCompressedClassPointers               = true                           {product lp64_product} {ergonomic}
     bool UseCompressedOops                        = true                           {product lp64_product} {ergonomic}
     bool UseG1GC                                  = true                                      {product} {ergonomic}
     bool UseLargePagesIndividualAllocation        = false                                  {pd product} {ergonomic}

Logging:
Log output configuration:
 #0: stdout all=warning uptime,level,tags
 #1: stderr all=off uptime,level,tags

Environment Variables:
JAVA_HOME=C:\Program Files\Pylo\MCreator\jdk
PATH=C:\Program Files\BellSoft\LibericaJDK-8\bin\;C:\Program Files (x86)\Common Files\Oracle\Java\javapath;C:\Program Files\Eclipse Adoptium\jdk-17.0.6.10-hotspot\bin;C:\WINDOWS\system32;C:\WINDOWS;C:\WINDOWS\System32\Wbem;C:\WINDOWS\System32\WindowsPowerShell\v1.0\;C:\WINDOWS\System32\OpenSSH\;C:\Program Files\nodejs\;C:\ProgramData\chocolatey\bin;C:\Program Files\PuTTY\;C:\Program Files\dotnet\;C:\ProgramData\ComposerSetup\bin;C:\Program Files\Git\cmd;C:\Program Files\Cloudflare\Cloudflare WARP\;C:\Users\Alex\AppData\Local\Programs\Python\Python311\Scripts\;C:\Users\Alex\AppData\Local\Programs\Python\Python311\;C:\Users\Alex\AppData\Local\Microsoft\WindowsApps;C:\Users\Alex\AppData\Roaming\npm;C:\Users\Alex\AppData\Local\Programs\Microsoft VS Code\bin;C:\Users\Alex\AppData\Local\GitHubDesktop\bin;C:\Users\Alex\.dotnet\tools;C:\apache-maven-3.9.1\bin;C:\gradle-8.0.2\bin;C:\xampp\php;C:\Users\Alex\AppData\Roaming\Composer\vendor\bin;C:\curl-8.0.1_7-win64-mingw\bin;C:\Program Files\JetBrains\PhpStorm 2023.1\bin;C:\Program Files\JetBrains\WebStorm 2023.1\bin;C:\Program Files\JetBrains\IntelliJ IDEA Community Edition 2023.1.1\bin;C:\Program Files\Pylo\MCreator\jdk\bin
USERNAME=Alex
OS=Windows_NT
PROCESSOR_IDENTIFIER=Intel64 Family 6 Model 167 Stepping 1, GenuineIntel
TMP=C:\Users\Alex\AppData\Local\Temp
TEMP=C:\Users\Alex\AppData\Local\Temp



---------------  S Y S T E M  ---------------

OS:
 Windows 11 , 64 bit Build 22621 (10.0.22621.1635)
OS uptime: 0 days 12:36 hours

CPU: total 12 (initial active 12) (6 cores per cpu, 2 threads per core) family 6 model 167 stepping 1 microcode 0x3c, cx8, cmov, fxsr, ht, mmx, 3dnowpref, sse, sse2, sse3, ssse3, sse4.1, sse4.2, popcnt, lzcnt, tsc, tscinvbit, avx, avx2, aes, erms, clmul, bmi1, bmi2, adx, avx512f, avx512dq, avx512cd, avx512bw, avx512vl, sha, fma, vzeroupper, avx512_vpopcntdq, avx512_vpclmulqdq, avx512_vaes, avx512_vnni, clflush, clflushopt, avx512_vbmi2, avx512_vbmi

Memory: 4k page, system-wide physical 16217M (3022M free)
TotalPageFile size 39830M (AvailPageFile size 6610M)
current process WorkingSet (physical memory assigned to process): 627M, peak: 637M
current process commit charge ("private bytes"): 707M, peak: 720M

vm_info: OpenJDK 64-Bit Server VM (17.0.5+8) for windows-amd64 JRE (17.0.5+8), built on Oct 19 2022 04:48:13 by "temurin" with MS VC++ 16.7 (VS2019)

END.
